0 info it worked if it ends with ok
1 verbose cli [ '/usr/bin/nodejs',
1 verbose cli   '/usr/bin/npm',
1 verbose cli   'install',
1 verbose cli   '--save-dev',
1 verbose cli   '--save-exact',
1 verbose cli   'prettier' ]
2 info using npm@3.5.2
3 info using node@v4.2.6
4 silly loadCurrentTree Starting
5 silly install loadCurrentTree
6 silly install readLocalPackageData
7 silly fetchPackageMetaData prettier
8 silly fetchNamedPackageData prettier
9 silly mapToRegistry name prettier
10 silly mapToRegistry using default registry
11 silly mapToRegistry registry https://registry.npmjs.org/
12 silly mapToRegistry uri https://registry.npmjs.org/prettier
13 verbose request uri https://registry.npmjs.org/prettier
14 verbose request no auth needed
15 info attempt registry request try #1 at 9:43:24 AM
16 verbose request id eb452ce0ff5f3dc6
17 http request GET https://registry.npmjs.org/prettier
18 http 200 https://registry.npmjs.org/prettier
19 verbose headers { date: 'Thu, 27 Aug 2020 16:43:24 GMT',
19 verbose headers   'content-type': 'application/json',
19 verbose headers   'transfer-encoding': 'chunked',
19 verbose headers   connection: 'keep-alive',
19 verbose headers   'set-cookie': [ '__cfduid=d07658cb7b3bbdece1daa4b26cda13dd91598546604; expires=Sat, 26-Sep-20 16:43:24 GMT; path=/; domain=.npmjs.org; HttpOnly; SameSite=Lax' ],
19 verbose headers   'cf-ray': '5c974058bcc76da6-SJC',
19 verbose headers   age: '6658',
19 verbose headers   'cache-control': 'public, max-age=300',
19 verbose headers   etag: 'W/"22c50285388e8e560ed7a5d4b1363939"',
19 verbose headers   'last-modified': 'Wed, 26 Aug 2020 04:23:05 GMT',
19 verbose headers   vary: 'accept-encoding, accept',
19 verbose headers   'cf-cache-status': 'HIT',
19 verbose headers   'cf-request-id': '04d2668b7000006da62b0d9200000001',
19 verbose headers   'expect-ct': 'max-age=604800, report-uri="https://report-uri.cloudflare.com/cdn-cgi/beacon/expect-ct"',
19 verbose headers   server: 'cloudflare',
19 verbose headers   'content-encoding': 'gzip' }
20 silly get cb [ 200,
20 silly get   { date: 'Thu, 27 Aug 2020 16:43:24 GMT',
20 silly get     'content-type': 'application/json',
20 silly get     'transfer-encoding': 'chunked',
20 silly get     connection: 'keep-alive',
20 silly get     'set-cookie': [ '__cfduid=d07658cb7b3bbdece1daa4b26cda13dd91598546604; expires=Sat, 26-Sep-20 16:43:24 GMT; path=/; domain=.npmjs.org; HttpOnly; SameSite=Lax' ],
20 silly get     'cf-ray': '5c974058bcc76da6-SJC',
20 silly get     age: '6658',
20 silly get     'cache-control': 'public, max-age=300',
20 silly get     etag: 'W/"22c50285388e8e560ed7a5d4b1363939"',
20 silly get     'last-modified': 'Wed, 26 Aug 2020 04:23:05 GMT',
20 silly get     vary: 'accept-encoding, accept',
20 silly get     'cf-cache-status': 'HIT',
20 silly get     'cf-request-id': '04d2668b7000006da62b0d9200000001',
20 silly get     'expect-ct': 'max-age=604800, report-uri="https://report-uri.cloudflare.com/cdn-cgi/beacon/expect-ct"',
20 silly get     server: 'cloudflare',
20 silly get     'content-encoding': 'gzip' } ]
21 verbose get saving prettier to /home/martin/.npm/registry.npmjs.org/prettier/.cache.json
22 silly install normalizeTree
23 silly loadCurrentTree Finishing
24 silly loadIdealTree Starting
25 silly install loadIdealTree
26 silly cloneCurrentTree Starting
27 silly install cloneCurrentTreeToIdealTree
28 silly cloneCurrentTree Finishing
29 silly loadShrinkwrap Starting
30 silly install loadShrinkwrap
31 silly loadShrinkwrap Finishing
32 silly loadAllDepsIntoIdealTree Starting
33 silly install loadAllDepsIntoIdealTree
34 silly resolveWithNewModule prettier@2.1.1 checking installable status
35 silly cache add args [ 'prettier', null ]
36 verbose cache add spec prettier
37 silly cache add parsed spec Result {
37 silly cache add   raw: 'prettier',
37 silly cache add   scope: null,
37 silly cache add   name: 'prettier',
37 silly cache add   rawSpec: '',
37 silly cache add   spec: 'latest',
37 silly cache add   type: 'tag' }
38 silly addNamed prettier@latest
39 verbose addNamed "latest" is being treated as a dist-tag for prettier
40 info addNameTag [ 'prettier', 'latest' ]
41 silly mapToRegistry name prettier
42 silly mapToRegistry using default registry
43 silly mapToRegistry registry https://registry.npmjs.org/
44 silly mapToRegistry uri https://registry.npmjs.org/prettier
45 verbose addNameTag registry:https://registry.npmjs.org/prettier not in flight; fetching
46 verbose get https://registry.npmjs.org/prettier not expired, no request
47 silly addNameTag next cb for prettier with tag latest
48 silly addNamed prettier@2.1.1
49 verbose addNamed "2.1.1" is a plain semver version for prettier
50 silly mapToRegistry name prettier
51 silly mapToRegistry using default registry
52 silly mapToRegistry registry https://registry.npmjs.org/
53 silly mapToRegistry uri https://registry.npmjs.org/prettier
54 verbose addRemoteTarball https://registry.npmjs.org/prettier/-/prettier-2.1.1.tgz not in flight; adding
55 verbose addRemoteTarball [ 'https://registry.npmjs.org/prettier/-/prettier-2.1.1.tgz',
55 verbose addRemoteTarball   'd9485dd5e499daa6cb547023b87a6cf51bee37d6' ]
56 info retry fetch attempt 1 at 9:43:25 AM
57 info attempt registry request try #1 at 9:43:25 AM
58 http fetch GET https://registry.npmjs.org/prettier/-/prettier-2.1.1.tgz
59 http fetch 200 https://registry.npmjs.org/prettier/-/prettier-2.1.1.tgz
60 silly fetchAndShaCheck shasum d9485dd5e499daa6cb547023b87a6cf51bee37d6
61 verbose addTmpTarball /tmp/npm-444-1403b4ff/registry.npmjs.org/prettier/-/prettier-2.1.1.tgz not in flight; adding
62 verbose addTmpTarball already have metadata; skipping unpack for prettier@2.1.1
63 silly cache afterAdd prettier@2.1.1
64 verbose afterAdd /home/martin/.npm/prettier/2.1.1/package/package.json not in flight; writing
65 verbose afterAdd /home/martin/.npm/prettier/2.1.1/package/package.json written
66 silly loadAllDepsIntoIdealTree Finishing
67 silly idealTree:prePrune marti
67 silly idealTree:prePrune ├── @firebase/app-types@0.1.0
67 silly idealTree:prePrune ├── @firebase/app@0.1.5
67 silly idealTree:prePrune ├── @firebase/auth-types@0.1.0
67 silly idealTree:prePrune ├── @firebase/auth@0.3.1
67 silly idealTree:prePrune ├── @firebase/database-types@0.1.0
67 silly idealTree:prePrune ├── @firebase/database@0.1.6
67 silly idealTree:prePrune ├── @firebase/firestore-types@0.1.0
67 silly idealTree:prePrune ├── @firebase/firestore@0.2.2
67 silly idealTree:prePrune ├── @firebase/messaging-types@0.1.0
67 silly idealTree:prePrune ├── @firebase/messaging@0.1.6
67 silly idealTree:prePrune ├── @firebase/polyfill@0.1.3
67 silly idealTree:prePrune ├── @firebase/storage-types@0.1.0
67 silly idealTree:prePrune ├── @firebase/storage@0.1.5
67 silly idealTree:prePrune ├── @firebase/util@0.1.5
67 silly idealTree:prePrune ├── @firebase/webchannel-wrapper@0.2.5
67 silly idealTree:prePrune ├── @material/animation@7.0.0
67 silly idealTree:prePrune ├── @material/auto-init@7.0.0
67 silly idealTree:prePrune ├── @material/base@7.0.0
67 silly idealTree:prePrune ├── @material/button@7.0.0
67 silly idealTree:prePrune ├── @material/card@7.0.0
67 silly idealTree:prePrune ├── @material/checkbox@7.0.0
67 silly idealTree:prePrune ├── @material/chips@7.0.0
67 silly idealTree:prePrune ├── @material/circular-progress@7.0.0
67 silly idealTree:prePrune ├── @material/data-table@7.0.0
67 silly idealTree:prePrune ├── @material/density@7.0.0
67 silly idealTree:prePrune ├── @material/dialog@7.0.0
67 silly idealTree:prePrune ├── @material/dom@7.0.0
67 silly idealTree:prePrune ├── @material/drawer@7.0.0
67 silly idealTree:prePrune ├── @material/elevation@7.0.0
67 silly idealTree:prePrune ├── @material/fab@7.0.0
67 silly idealTree:prePrune ├── @material/feature-targeting@7.0.0
67 silly idealTree:prePrune ├── @material/floating-label@7.0.0
67 silly idealTree:prePrune ├── @material/form-field@7.0.0
67 silly idealTree:prePrune ├── @material/icon-button@7.0.0
67 silly idealTree:prePrune ├── @material/image-list@7.0.0
67 silly idealTree:prePrune ├── @material/layout-grid@7.0.0
67 silly idealTree:prePrune ├── @material/line-ripple@7.0.0
67 silly idealTree:prePrune ├── @material/linear-progress@7.0.0
67 silly idealTree:prePrune ├── @material/list@7.0.0
67 silly idealTree:prePrune ├── @material/menu-surface@7.0.0
67 silly idealTree:prePrune ├── @material/menu@7.0.0
67 silly idealTree:prePrune ├── @material/notched-outline@7.0.0
67 silly idealTree:prePrune ├── @material/progress-indicator@7.0.0
67 silly idealTree:prePrune ├── @material/radio@7.0.0
67 silly idealTree:prePrune ├── @material/ripple@7.0.0
67 silly idealTree:prePrune ├── @material/rtl@7.0.0
67 silly idealTree:prePrune ├── @material/select@7.0.0
67 silly idealTree:prePrune ├── @material/shape@7.0.0
67 silly idealTree:prePrune ├── @material/slider@7.0.0
67 silly idealTree:prePrune ├── @material/snackbar@7.0.0
67 silly idealTree:prePrune ├── @material/switch@7.0.0
67 silly idealTree:prePrune ├── @material/tab-bar@7.0.0
67 silly idealTree:prePrune ├── @material/tab-indicator@7.0.0
67 silly idealTree:prePrune ├── @material/tab-scroller@7.0.0
67 silly idealTree:prePrune ├── @material/tab@7.0.0
67 silly idealTree:prePrune ├── @material/textfield@7.0.0
67 silly idealTree:prePrune ├── @material/theme@7.0.0
67 silly idealTree:prePrune ├── @material/top-app-bar@7.0.0
67 silly idealTree:prePrune ├── @material/touch-target@7.0.0
67 silly idealTree:prePrune ├── @material/typography@7.0.0
67 silly idealTree:prePrune ├── abbrev@1.1.1
67 silly idealTree:prePrune ├── ansi-regex@2.1.1
67 silly idealTree:prePrune ├── arguejs@0.2.3
67 silly idealTree:prePrune ├── ascli@1.0.1
67 silly idealTree:prePrune ├── balanced-match@1.0.0
67 silly idealTree:prePrune ├── brace-expansion@1.1.8
67 silly idealTree:prePrune ├── bufferutil@4.0.1
67 silly idealTree:prePrune ├── bytebuffer@5.0.1
67 silly idealTree:prePrune ├── camelcase@2.1.1
67 silly idealTree:prePrune ├── cliui@3.2.0
67 silly idealTree:prePrune ├── code-point-at@1.1.0
67 silly idealTree:prePrune ├── colour@0.7.1
67 silly idealTree:prePrune ├── commander@2.20.3
67 silly idealTree:prePrune ├── concat-map@0.0.1
67 silly idealTree:prePrune ├── config-chain@1.1.12
67 silly idealTree:prePrune ├── decamelize@1.2.0
67 silly idealTree:prePrune ├── dom-storage@2.0.2
67 silly idealTree:prePrune ├── editorconfig@0.15.3
67 silly idealTree:prePrune ├── faye-websocket@0.11.1
67 silly idealTree:prePrune ├── firebase@4.8.1
67 silly idealTree:prePrune ├── fs.realpath@1.0.0
67 silly idealTree:prePrune ├── glob@7.1.2
67 silly idealTree:prePrune ├─┬ grpc@1.8.0
67 silly idealTree:prePrune │ ├── abbrev@1.1.1
67 silly idealTree:prePrune │ ├── ajv@4.11.8
67 silly idealTree:prePrune │ ├── ansi-regex@2.1.1
67 silly idealTree:prePrune │ ├── aproba@1.2.0
67 silly idealTree:prePrune │ ├── are-we-there-yet@1.1.4
67 silly idealTree:prePrune │ ├── asn1@0.2.3
67 silly idealTree:prePrune │ ├── assert-plus@0.2.0
67 silly idealTree:prePrune │ ├── asynckit@0.4.0
67 silly idealTree:prePrune │ ├── aws-sign2@0.6.0
67 silly idealTree:prePrune │ ├── aws4@1.6.0
67 silly idealTree:prePrune │ ├── balanced-match@1.0.0
67 silly idealTree:prePrune │ ├── bcrypt-pbkdf@1.0.1
67 silly idealTree:prePrune │ ├── block-stream@0.0.9
67 silly idealTree:prePrune │ ├── boom@2.10.1
67 silly idealTree:prePrune │ ├── brace-expansion@1.1.8
67 silly idealTree:prePrune │ ├── caseless@0.12.0
67 silly idealTree:prePrune │ ├── co@4.6.0
67 silly idealTree:prePrune │ ├── code-point-at@1.1.0
67 silly idealTree:prePrune │ ├── combined-stream@1.0.5
67 silly idealTree:prePrune │ ├── concat-map@0.0.1
67 silly idealTree:prePrune │ ├── console-control-strings@1.1.0
67 silly idealTree:prePrune │ ├── core-util-is@1.0.2
67 silly idealTree:prePrune │ ├── cryptiles@2.0.5
67 silly idealTree:prePrune │ ├─┬ dashdash@1.14.1
67 silly idealTree:prePrune │ │ └── assert-plus@1.0.0
67 silly idealTree:prePrune │ ├── debug@2.6.9
67 silly idealTree:prePrune │ ├── deep-extend@0.4.2
67 silly idealTree:prePrune │ ├── delayed-stream@1.0.0
67 silly idealTree:prePrune │ ├── delegates@1.0.0
67 silly idealTree:prePrune │ ├── detect-libc@1.0.3
67 silly idealTree:prePrune │ ├── ecc-jsbn@0.1.1
67 silly idealTree:prePrune │ ├── extend@3.0.1
67 silly idealTree:prePrune │ ├── extsprintf@1.3.0
67 silly idealTree:prePrune │ ├── forever-agent@0.6.1
67 silly idealTree:prePrune │ ├── form-data@2.1.4
67 silly idealTree:prePrune │ ├── fs.realpath@1.0.0
67 silly idealTree:prePrune │ ├── fstream-ignore@1.0.5
67 silly idealTree:prePrune │ ├── fstream@1.0.11
67 silly idealTree:prePrune │ ├── gauge@2.7.4
67 silly idealTree:prePrune │ ├─┬ getpass@0.1.7
67 silly idealTree:prePrune │ │ └── assert-plus@1.0.0
67 silly idealTree:prePrune │ ├── glob@7.1.2
67 silly idealTree:prePrune │ ├── graceful-fs@4.1.11
67 silly idealTree:prePrune │ ├── har-schema@1.0.5
67 silly idealTree:prePrune │ ├── har-validator@4.2.1
67 silly idealTree:prePrune │ ├── has-unicode@2.0.1
67 silly idealTree:prePrune │ ├── hawk@3.1.3
67 silly idealTree:prePrune │ ├── hoek@2.16.3
67 silly idealTree:prePrune │ ├── http-signature@1.1.1
67 silly idealTree:prePrune │ ├── inflight@1.0.6
67 silly idealTree:prePrune │ ├── inherits@2.0.3
67 silly idealTree:prePrune │ ├── ini@1.3.5
67 silly idealTree:prePrune │ ├── is-fullwidth-code-point@1.0.0
67 silly idealTree:prePrune │ ├── is-typedarray@1.0.0
67 silly idealTree:prePrune │ ├── isarray@1.0.0
67 silly idealTree:prePrune │ ├── isstream@0.1.2
67 silly idealTree:prePrune │ ├── jsbn@0.1.1
67 silly idealTree:prePrune │ ├── json-schema@0.2.3
67 silly idealTree:prePrune │ ├── json-stable-stringify@1.0.1
67 silly idealTree:prePrune │ ├── json-stringify-safe@5.0.1
67 silly idealTree:prePrune │ ├── jsonify@0.0.0
67 silly idealTree:prePrune │ ├─┬ jsprim@1.4.1
67 silly idealTree:prePrune │ │ └── assert-plus@1.0.0
67 silly idealTree:prePrune │ ├── mime-db@1.30.0
67 silly idealTree:prePrune │ ├── mime-types@2.1.17
67 silly idealTree:prePrune │ ├── minimatch@3.0.4
67 silly idealTree:prePrune │ ├── minimist@0.0.8
67 silly idealTree:prePrune │ ├── mkdirp@0.5.1
67 silly idealTree:prePrune │ ├── ms@2.0.0
67 silly idealTree:prePrune │ ├── node-pre-gyp@0.6.39
67 silly idealTree:prePrune │ ├── nopt@4.0.1
67 silly idealTree:prePrune │ ├── npmlog@4.1.2
67 silly idealTree:prePrune │ ├── number-is-nan@1.0.1
67 silly idealTree:prePrune │ ├── oauth-sign@0.8.2
67 silly idealTree:prePrune │ ├── object-assign@4.1.1
67 silly idealTree:prePrune │ ├── once@1.4.0
67 silly idealTree:prePrune │ ├── os-homedir@1.0.2
67 silly idealTree:prePrune │ ├── os-tmpdir@1.0.2
67 silly idealTree:prePrune │ ├── osenv@0.1.4
67 silly idealTree:prePrune │ ├── path-is-absolute@1.0.1
67 silly idealTree:prePrune │ ├── performance-now@0.2.0
67 silly idealTree:prePrune │ ├── process-nextick-args@1.0.7
67 silly idealTree:prePrune │ ├── punycode@1.4.1
67 silly idealTree:prePrune │ ├── qs@6.4.0
67 silly idealTree:prePrune │ ├─┬ rc@1.2.2
67 silly idealTree:prePrune │ │ └── minimist@1.2.0
67 silly idealTree:prePrune │ ├── readable-stream@2.3.3
67 silly idealTree:prePrune │ ├── request@2.81.0
67 silly idealTree:prePrune │ ├── rimraf@2.6.2
67 silly idealTree:prePrune │ ├── safe-buffer@5.1.1
67 silly idealTree:prePrune │ ├── semver@5.4.1
67 silly idealTree:prePrune │ ├── set-blocking@2.0.0
67 silly idealTree:prePrune │ ├── signal-exit@3.0.2
67 silly idealTree:prePrune │ ├── sntp@1.0.9
67 silly idealTree:prePrune │ ├─┬ sshpk@1.13.1
67 silly idealTree:prePrune │ │ └── assert-plus@1.0.0
67 silly idealTree:prePrune │ ├── string_decoder@1.0.3
67 silly idealTree:prePrune │ ├── string-width@1.0.2
67 silly idealTree:prePrune │ ├── stringstream@0.0.5
67 silly idealTree:prePrune │ ├── strip-ansi@3.0.1
67 silly idealTree:prePrune │ ├── strip-json-comments@2.0.1
67 silly idealTree:prePrune │ ├── tar-pack@3.4.1
67 silly idealTree:prePrune │ ├── tar@2.2.1
67 silly idealTree:prePrune │ ├── tough-cookie@2.3.3
67 silly idealTree:prePrune │ ├── tunnel-agent@0.6.0
67 silly idealTree:prePrune │ ├── tweetnacl@0.14.5
67 silly idealTree:prePrune │ ├── uid-number@0.0.6
67 silly idealTree:prePrune │ ├── util-deprecate@1.0.2
67 silly idealTree:prePrune │ ├── uuid@3.1.0
67 silly idealTree:prePrune │ ├─┬ verror@1.10.0
67 silly idealTree:prePrune │ │ └── assert-plus@1.0.0
67 silly idealTree:prePrune │ ├── wide-align@1.1.2
67 silly idealTree:prePrune │ └── wrappy@1.0.2
67 silly idealTree:prePrune ├── http-parser-js@0.4.9
67 silly idealTree:prePrune ├── inflight@1.0.6
67 silly idealTree:prePrune ├── inherits@2.0.3
67 silly idealTree:prePrune ├── ini@1.3.5
67 silly idealTree:prePrune ├── invert-kv@1.0.0
67 silly idealTree:prePrune ├── is-fullwidth-code-point@1.0.0
67 silly idealTree:prePrune ├─┬ js-beautify@1.13.0
67 silly idealTree:prePrune │ └── glob@7.1.6
67 silly idealTree:prePrune ├── lcid@1.0.0
67 silly idealTree:prePrune ├── lodash@4.17.4
67 silly idealTree:prePrune ├── long@3.2.0
67 silly idealTree:prePrune ├── lru-cache@4.1.5
67 silly idealTree:prePrune ├── material-components-web@7.0.0
67 silly idealTree:prePrune ├── minimatch@3.0.4
67 silly idealTree:prePrune ├── mkdirp@1.0.4
67 silly idealTree:prePrune ├── nan@2.8.0
67 silly idealTree:prePrune ├── node-gyp-build@3.7.0
67 silly idealTree:prePrune ├── nopt@5.0.0
67 silly idealTree:prePrune ├── number-is-nan@1.0.1
67 silly idealTree:prePrune ├── once@1.4.0
67 silly idealTree:prePrune ├── optjs@3.2.2
67 silly idealTree:prePrune ├── os-locale@1.4.0
67 silly idealTree:prePrune ├── path-is-absolute@1.0.1
67 silly idealTree:prePrune ├── prettier@2.1.1
67 silly idealTree:prePrune ├── promise-polyfill@6.1.0
67 silly idealTree:prePrune ├── proto-list@1.2.4
67 silly idealTree:prePrune ├── protobufjs@5.0.2
67 silly idealTree:prePrune ├── pseudomap@1.0.2
67 silly idealTree:prePrune ├── semver@5.7.1
67 silly idealTree:prePrune ├── sigmund@1.0.1
67 silly idealTree:prePrune ├── string-width@1.0.2
67 silly idealTree:prePrune ├── strip-ansi@3.0.1
67 silly idealTree:prePrune ├── tslib@1.13.0
67 silly idealTree:prePrune ├── websocket-driver@0.7.0
67 silly idealTree:prePrune ├── websocket-extensions@0.1.3
67 silly idealTree:prePrune ├── window-size@0.1.4
67 silly idealTree:prePrune ├── wrap-ansi@2.1.0
67 silly idealTree:prePrune ├── wrappy@1.0.2
67 silly idealTree:prePrune ├── xmlhttprequest@1.8.0
67 silly idealTree:prePrune ├── y18n@3.2.1
67 silly idealTree:prePrune ├── yallist@2.1.2
67 silly idealTree:prePrune └── yargs@3.32.0
68 silly loadIdealTree Finishing
69 silly currentTree marti
69 silly currentTree ├── @firebase/app-types@0.1.0
69 silly currentTree ├── @firebase/app@0.1.5
69 silly currentTree ├── @firebase/auth-types@0.1.0
69 silly currentTree ├── @firebase/auth@0.3.1
69 silly currentTree ├── @firebase/database-types@0.1.0
69 silly currentTree ├── @firebase/database@0.1.6
69 silly currentTree ├── @firebase/firestore-types@0.1.0
69 silly currentTree ├── @firebase/firestore@0.2.2
69 silly currentTree ├── @firebase/messaging-types@0.1.0
69 silly currentTree ├── @firebase/messaging@0.1.6
69 silly currentTree ├── @firebase/polyfill@0.1.3
69 silly currentTree ├── @firebase/storage-types@0.1.0
69 silly currentTree ├── @firebase/storage@0.1.5
69 silly currentTree ├── @firebase/util@0.1.5
69 silly currentTree ├── @firebase/webchannel-wrapper@0.2.5
69 silly currentTree ├── @material/animation@7.0.0
69 silly currentTree ├── @material/auto-init@7.0.0
69 silly currentTree ├── @material/base@7.0.0
69 silly currentTree ├── @material/button@7.0.0
69 silly currentTree ├── @material/card@7.0.0
69 silly currentTree ├── @material/checkbox@7.0.0
69 silly currentTree ├── @material/chips@7.0.0
69 silly currentTree ├── @material/circular-progress@7.0.0
69 silly currentTree ├── @material/data-table@7.0.0
69 silly currentTree ├── @material/density@7.0.0
69 silly currentTree ├── @material/dialog@7.0.0
69 silly currentTree ├── @material/dom@7.0.0
69 silly currentTree ├── @material/drawer@7.0.0
69 silly currentTree ├── @material/elevation@7.0.0
69 silly currentTree ├── @material/fab@7.0.0
69 silly currentTree ├── @material/feature-targeting@7.0.0
69 silly currentTree ├── @material/floating-label@7.0.0
69 silly currentTree ├── @material/form-field@7.0.0
69 silly currentTree ├── @material/icon-button@7.0.0
69 silly currentTree ├── @material/image-list@7.0.0
69 silly currentTree ├── @material/layout-grid@7.0.0
69 silly currentTree ├── @material/line-ripple@7.0.0
69 silly currentTree ├── @material/linear-progress@7.0.0
69 silly currentTree ├── @material/list@7.0.0
69 silly currentTree ├── @material/menu-surface@7.0.0
69 silly currentTree ├── @material/menu@7.0.0
69 silly currentTree ├── @material/notched-outline@7.0.0
69 silly currentTree ├── @material/progress-indicator@7.0.0
69 silly currentTree ├── @material/radio@7.0.0
69 silly currentTree ├── @material/ripple@7.0.0
69 silly currentTree ├── @material/rtl@7.0.0
69 silly currentTree ├── @material/select@7.0.0
69 silly currentTree ├── @material/shape@7.0.0
69 silly currentTree ├── @material/slider@7.0.0
69 silly currentTree ├── @material/snackbar@7.0.0
69 silly currentTree ├── @material/switch@7.0.0
69 silly currentTree ├── @material/tab-bar@7.0.0
69 silly currentTree ├── @material/tab-indicator@7.0.0
69 silly currentTree ├── @material/tab-scroller@7.0.0
69 silly currentTree ├── @material/tab@7.0.0
69 silly currentTree ├── @material/textfield@7.0.0
69 silly currentTree ├── @material/theme@7.0.0
69 silly currentTree ├── @material/top-app-bar@7.0.0
69 silly currentTree ├── @material/touch-target@7.0.0
69 silly currentTree ├── @material/typography@7.0.0
69 silly currentTree ├── abbrev@1.1.1
69 silly currentTree ├── ansi-regex@2.1.1
69 silly currentTree ├── arguejs@0.2.3
69 silly currentTree ├── ascli@1.0.1
69 silly currentTree ├── balanced-match@1.0.0
69 silly currentTree ├── brace-expansion@1.1.8
69 silly currentTree ├── bufferutil@4.0.1
69 silly currentTree ├── bytebuffer@5.0.1
69 silly currentTree ├── camelcase@2.1.1
69 silly currentTree ├── cliui@3.2.0
69 silly currentTree ├── code-point-at@1.1.0
69 silly currentTree ├── colour@0.7.1
69 silly currentTree ├── commander@2.20.3
69 silly currentTree ├── concat-map@0.0.1
69 silly currentTree ├── config-chain@1.1.12
69 silly currentTree ├── decamelize@1.2.0
69 silly currentTree ├── dom-storage@2.0.2
69 silly currentTree ├── editorconfig@0.15.3
69 silly currentTree ├── faye-websocket@0.11.1
69 silly currentTree ├── firebase@4.8.1
69 silly currentTree ├── fs.realpath@1.0.0
69 silly currentTree ├── glob@7.1.2
69 silly currentTree ├─┬ grpc@1.8.0
69 silly currentTree │ ├── abbrev@1.1.1
69 silly currentTree │ ├── ajv@4.11.8
69 silly currentTree │ ├── ansi-regex@2.1.1
69 silly currentTree │ ├── aproba@1.2.0
69 silly currentTree │ ├── are-we-there-yet@1.1.4
69 silly currentTree │ ├── asn1@0.2.3
69 silly currentTree │ ├── assert-plus@0.2.0
69 silly currentTree │ ├── asynckit@0.4.0
69 silly currentTree │ ├── aws-sign2@0.6.0
69 silly currentTree │ ├── aws4@1.6.0
69 silly currentTree │ ├── balanced-match@1.0.0
69 silly currentTree │ ├── bcrypt-pbkdf@1.0.1
69 silly currentTree │ ├── block-stream@0.0.9
69 silly currentTree │ ├── boom@2.10.1
69 silly currentTree │ ├── brace-expansion@1.1.8
69 silly currentTree │ ├── caseless@0.12.0
69 silly currentTree │ ├── co@4.6.0
69 silly currentTree │ ├── code-point-at@1.1.0
69 silly currentTree │ ├── combined-stream@1.0.5
69 silly currentTree │ ├── concat-map@0.0.1
69 silly currentTree │ ├── console-control-strings@1.1.0
69 silly currentTree │ ├── core-util-is@1.0.2
69 silly currentTree │ ├── cryptiles@2.0.5
69 silly currentTree │ ├─┬ dashdash@1.14.1
69 silly currentTree │ │ └── assert-plus@1.0.0
69 silly currentTree │ ├── debug@2.6.9
69 silly currentTree │ ├── deep-extend@0.4.2
69 silly currentTree │ ├── delayed-stream@1.0.0
69 silly currentTree │ ├── delegates@1.0.0
69 silly currentTree │ ├── detect-libc@1.0.3
69 silly currentTree │ ├── ecc-jsbn@0.1.1
69 silly currentTree │ ├── extend@3.0.1
69 silly currentTree │ ├── extsprintf@1.3.0
69 silly currentTree │ ├── forever-agent@0.6.1
69 silly currentTree │ ├── form-data@2.1.4
69 silly currentTree │ ├── fs.realpath@1.0.0
69 silly currentTree │ ├── fstream-ignore@1.0.5
69 silly currentTree │ ├── fstream@1.0.11
69 silly currentTree │ ├── gauge@2.7.4
69 silly currentTree │ ├─┬ getpass@0.1.7
69 silly currentTree │ │ └── assert-plus@1.0.0
69 silly currentTree │ ├── glob@7.1.2
69 silly currentTree │ ├── graceful-fs@4.1.11
69 silly currentTree │ ├── har-schema@1.0.5
69 silly currentTree │ ├── har-validator@4.2.1
69 silly currentTree │ ├── has-unicode@2.0.1
69 silly currentTree │ ├── hawk@3.1.3
69 silly currentTree │ ├── hoek@2.16.3
69 silly currentTree │ ├── http-signature@1.1.1
69 silly currentTree │ ├── inflight@1.0.6
69 silly currentTree │ ├── inherits@2.0.3
69 silly currentTree │ ├── ini@1.3.5
69 silly currentTree │ ├── is-fullwidth-code-point@1.0.0
69 silly currentTree │ ├── is-typedarray@1.0.0
69 silly currentTree │ ├── isarray@1.0.0
69 silly currentTree │ ├── isstream@0.1.2
69 silly currentTree │ ├── jsbn@0.1.1
69 silly currentTree │ ├── json-schema@0.2.3
69 silly currentTree │ ├── json-stable-stringify@1.0.1
69 silly currentTree │ ├── json-stringify-safe@5.0.1
69 silly currentTree │ ├── jsonify@0.0.0
69 silly currentTree │ ├─┬ jsprim@1.4.1
69 silly currentTree │ │ └── assert-plus@1.0.0
69 silly currentTree │ ├── mime-db@1.30.0
69 silly currentTree │ ├── mime-types@2.1.17
69 silly currentTree │ ├── minimatch@3.0.4
69 silly currentTree │ ├── minimist@0.0.8
69 silly currentTree │ ├── mkdirp@0.5.1
69 silly currentTree │ ├── ms@2.0.0
69 silly currentTree │ ├── node-pre-gyp@0.6.39
69 silly currentTree │ ├── nopt@4.0.1
69 silly currentTree │ ├── npmlog@4.1.2
69 silly currentTree │ ├── number-is-nan@1.0.1
69 silly currentTree │ ├── oauth-sign@0.8.2
69 silly currentTree │ ├── object-assign@4.1.1
69 silly currentTree │ ├── once@1.4.0
69 silly currentTree │ ├── os-homedir@1.0.2
69 silly currentTree │ ├── os-tmpdir@1.0.2
69 silly currentTree │ ├── osenv@0.1.4
69 silly currentTree │ ├── path-is-absolute@1.0.1
69 silly currentTree │ ├── performance-now@0.2.0
69 silly currentTree │ ├── process-nextick-args@1.0.7
69 silly currentTree │ ├── punycode@1.4.1
69 silly currentTree │ ├── qs@6.4.0
69 silly currentTree │ ├─┬ rc@1.2.2
69 silly currentTree │ │ └── minimist@1.2.0
69 silly currentTree │ ├── readable-stream@2.3.3
69 silly currentTree │ ├── request@2.81.0
69 silly currentTree │ ├── rimraf@2.6.2
69 silly currentTree │ ├── safe-buffer@5.1.1
69 silly currentTree │ ├── semver@5.4.1
69 silly currentTree │ ├── set-blocking@2.0.0
69 silly currentTree │ ├── signal-exit@3.0.2
69 silly currentTree │ ├── sntp@1.0.9
69 silly currentTree │ ├─┬ sshpk@1.13.1
69 silly currentTree │ │ └── assert-plus@1.0.0
69 silly currentTree │ ├── string_decoder@1.0.3
69 silly currentTree │ ├── string-width@1.0.2
69 silly currentTree │ ├── stringstream@0.0.5
69 silly currentTree │ ├── strip-ansi@3.0.1
69 silly currentTree │ ├── strip-json-comments@2.0.1
69 silly currentTree │ ├── tar-pack@3.4.1
69 silly currentTree │ ├── tar@2.2.1
69 silly currentTree │ ├── tough-cookie@2.3.3
69 silly currentTree │ ├── tunnel-agent@0.6.0
69 silly currentTree │ ├── tweetnacl@0.14.5
69 silly currentTree │ ├── uid-number@0.0.6
69 silly currentTree │ ├── util-deprecate@1.0.2
69 silly currentTree │ ├── uuid@3.1.0
69 silly currentTree │ ├─┬ verror@1.10.0
69 silly currentTree │ │ └── assert-plus@1.0.0
69 silly currentTree │ ├── wide-align@1.1.2
69 silly currentTree │ └── wrappy@1.0.2
69 silly currentTree ├── http-parser-js@0.4.9
69 silly currentTree ├── inflight@1.0.6
69 silly currentTree ├── inherits@2.0.3
69 silly currentTree ├── ini@1.3.5
69 silly currentTree ├── invert-kv@1.0.0
69 silly currentTree ├── is-fullwidth-code-point@1.0.0
69 silly currentTree ├─┬ js-beautify@1.13.0
69 silly currentTree │ └── glob@7.1.6
69 silly currentTree ├── lcid@1.0.0
69 silly currentTree ├── lodash@4.17.4
69 silly currentTree ├── long@3.2.0
69 silly currentTree ├── lru-cache@4.1.5
69 silly currentTree ├── material-components-web@7.0.0
69 silly currentTree ├── minimatch@3.0.4
69 silly currentTree ├── mkdirp@1.0.4
69 silly currentTree ├── nan@2.8.0
69 silly currentTree ├── node-gyp-build@3.7.0
69 silly currentTree ├── nopt@5.0.0
69 silly currentTree ├── number-is-nan@1.0.1
69 silly currentTree ├── once@1.4.0
69 silly currentTree ├── optjs@3.2.2
69 silly currentTree ├── os-locale@1.4.0
69 silly currentTree ├── path-is-absolute@1.0.1
69 silly currentTree ├── prettier@2.0.5
69 silly currentTree ├── promise-polyfill@6.1.0
69 silly currentTree ├── proto-list@1.2.4
69 silly currentTree ├── protobufjs@5.0.2
69 silly currentTree ├── pseudomap@1.0.2
69 silly currentTree ├── semver@5.7.1
69 silly currentTree ├── sigmund@1.0.1
69 silly currentTree ├── string-width@1.0.2
69 silly currentTree ├── strip-ansi@3.0.1
69 silly currentTree ├── tslib@1.13.0
69 silly currentTree ├── websocket-driver@0.7.0
69 silly currentTree ├── websocket-extensions@0.1.3
69 silly currentTree ├── window-size@0.1.4
69 silly currentTree ├── wrap-ansi@2.1.0
69 silly currentTree ├── wrappy@1.0.2
69 silly currentTree ├── xmlhttprequest@1.8.0
69 silly currentTree ├── y18n@3.2.1
69 silly currentTree ├── yallist@2.1.2
69 silly currentTree └── yargs@3.32.0
70 silly idealTree marti
70 silly idealTree ├── @firebase/app-types@0.1.0
70 silly idealTree ├── @firebase/app@0.1.5
70 silly idealTree ├── @firebase/auth-types@0.1.0
70 silly idealTree ├── @firebase/auth@0.3.1
70 silly idealTree ├── @firebase/database-types@0.1.0
70 silly idealTree ├── @firebase/database@0.1.6
70 silly idealTree ├── @firebase/firestore-types@0.1.0
70 silly idealTree ├── @firebase/firestore@0.2.2
70 silly idealTree ├── @firebase/messaging-types@0.1.0
70 silly idealTree ├── @firebase/messaging@0.1.6
70 silly idealTree ├── @firebase/polyfill@0.1.3
70 silly idealTree ├── @firebase/storage-types@0.1.0
70 silly idealTree ├── @firebase/storage@0.1.5
70 silly idealTree ├── @firebase/util@0.1.5
70 silly idealTree ├── @firebase/webchannel-wrapper@0.2.5
70 silly idealTree ├── @material/animation@7.0.0
70 silly idealTree ├── @material/auto-init@7.0.0
70 silly idealTree ├── @material/base@7.0.0
70 silly idealTree ├── @material/button@7.0.0
70 silly idealTree ├── @material/card@7.0.0
70 silly idealTree ├── @material/checkbox@7.0.0
70 silly idealTree ├── @material/chips@7.0.0
70 silly idealTree ├── @material/circular-progress@7.0.0
70 silly idealTree ├── @material/data-table@7.0.0
70 silly idealTree ├── @material/density@7.0.0
70 silly idealTree ├── @material/dialog@7.0.0
70 silly idealTree ├── @material/dom@7.0.0
70 silly idealTree ├── @material/drawer@7.0.0
70 silly idealTree ├── @material/elevation@7.0.0
70 silly idealTree ├── @material/fab@7.0.0
70 silly idealTree ├── @material/feature-targeting@7.0.0
70 silly idealTree ├── @material/floating-label@7.0.0
70 silly idealTree ├── @material/form-field@7.0.0
70 silly idealTree ├── @material/icon-button@7.0.0
70 silly idealTree ├── @material/image-list@7.0.0
70 silly idealTree ├── @material/layout-grid@7.0.0
70 silly idealTree ├── @material/line-ripple@7.0.0
70 silly idealTree ├── @material/linear-progress@7.0.0
70 silly idealTree ├── @material/list@7.0.0
70 silly idealTree ├── @material/menu-surface@7.0.0
70 silly idealTree ├── @material/menu@7.0.0
70 silly idealTree ├── @material/notched-outline@7.0.0
70 silly idealTree ├── @material/progress-indicator@7.0.0
70 silly idealTree ├── @material/radio@7.0.0
70 silly idealTree ├── @material/ripple@7.0.0
70 silly idealTree ├── @material/rtl@7.0.0
70 silly idealTree ├── @material/select@7.0.0
70 silly idealTree ├── @material/shape@7.0.0
70 silly idealTree ├── @material/slider@7.0.0
70 silly idealTree ├── @material/snackbar@7.0.0
70 silly idealTree ├── @material/switch@7.0.0
70 silly idealTree ├── @material/tab-bar@7.0.0
70 silly idealTree ├── @material/tab-indicator@7.0.0
70 silly idealTree ├── @material/tab-scroller@7.0.0
70 silly idealTree ├── @material/tab@7.0.0
70 silly idealTree ├── @material/textfield@7.0.0
70 silly idealTree ├── @material/theme@7.0.0
70 silly idealTree ├── @material/top-app-bar@7.0.0
70 silly idealTree ├── @material/touch-target@7.0.0
70 silly idealTree ├── @material/typography@7.0.0
70 silly idealTree ├── abbrev@1.1.1
70 silly idealTree ├── ansi-regex@2.1.1
70 silly idealTree ├── arguejs@0.2.3
70 silly idealTree ├── ascli@1.0.1
70 silly idealTree ├── balanced-match@1.0.0
70 silly idealTree ├── brace-expansion@1.1.8
70 silly idealTree ├── bufferutil@4.0.1
70 silly idealTree ├── bytebuffer@5.0.1
70 silly idealTree ├── camelcase@2.1.1
70 silly idealTree ├── cliui@3.2.0
70 silly idealTree ├── code-point-at@1.1.0
70 silly idealTree ├── colour@0.7.1
70 silly idealTree ├── commander@2.20.3
70 silly idealTree ├── concat-map@0.0.1
70 silly idealTree ├── config-chain@1.1.12
70 silly idealTree ├── decamelize@1.2.0
70 silly idealTree ├── dom-storage@2.0.2
70 silly idealTree ├── editorconfig@0.15.3
70 silly idealTree ├── faye-websocket@0.11.1
70 silly idealTree ├── firebase@4.8.1
70 silly idealTree ├── fs.realpath@1.0.0
70 silly idealTree ├── glob@7.1.2
70 silly idealTree ├─┬ grpc@1.8.0
70 silly idealTree │ ├── abbrev@1.1.1
70 silly idealTree │ ├── ajv@4.11.8
70 silly idealTree │ ├── ansi-regex@2.1.1
70 silly idealTree │ ├── aproba@1.2.0
70 silly idealTree │ ├── are-we-there-yet@1.1.4
70 silly idealTree │ ├── asn1@0.2.3
70 silly idealTree │ ├── assert-plus@0.2.0
70 silly idealTree │ ├── asynckit@0.4.0
70 silly idealTree │ ├── aws-sign2@0.6.0
70 silly idealTree │ ├── aws4@1.6.0
70 silly idealTree │ ├── balanced-match@1.0.0
70 silly idealTree │ ├── bcrypt-pbkdf@1.0.1
70 silly idealTree │ ├── block-stream@0.0.9
70 silly idealTree │ ├── boom@2.10.1
70 silly idealTree │ ├── brace-expansion@1.1.8
70 silly idealTree │ ├── caseless@0.12.0
70 silly idealTree │ ├── co@4.6.0
70 silly idealTree │ ├── code-point-at@1.1.0
70 silly idealTree │ ├── combined-stream@1.0.5
70 silly idealTree │ ├── concat-map@0.0.1
70 silly idealTree │ ├── console-control-strings@1.1.0
70 silly idealTree │ ├── core-util-is@1.0.2
70 silly idealTree │ ├── cryptiles@2.0.5
70 silly idealTree │ ├─┬ dashdash@1.14.1
70 silly idealTree │ │ └── assert-plus@1.0.0
70 silly idealTree │ ├── debug@2.6.9
70 silly idealTree │ ├── deep-extend@0.4.2
70 silly idealTree │ ├── delayed-stream@1.0.0
70 silly idealTree │ ├── delegates@1.0.0
70 silly idealTree │ ├── detect-libc@1.0.3
70 silly idealTree │ ├── ecc-jsbn@0.1.1
70 silly idealTree │ ├── extend@3.0.1
70 silly idealTree │ ├── extsprintf@1.3.0
70 silly idealTree │ ├── forever-agent@0.6.1
70 silly idealTree │ ├── form-data@2.1.4
70 silly idealTree │ ├── fs.realpath@1.0.0
70 silly idealTree │ ├── fstream-ignore@1.0.5
70 silly idealTree │ ├── fstream@1.0.11
70 silly idealTree │ ├── gauge@2.7.4
70 silly idealTree │ ├─┬ getpass@0.1.7
70 silly idealTree │ │ └── assert-plus@1.0.0
70 silly idealTree │ ├── glob@7.1.2
70 silly idealTree │ ├── graceful-fs@4.1.11
70 silly idealTree │ ├── har-schema@1.0.5
70 silly idealTree │ ├── har-validator@4.2.1
70 silly idealTree │ ├── has-unicode@2.0.1
70 silly idealTree │ ├── hawk@3.1.3
70 silly idealTree │ ├── hoek@2.16.3
70 silly idealTree │ ├── http-signature@1.1.1
70 silly idealTree │ ├── inflight@1.0.6
70 silly idealTree │ ├── inherits@2.0.3
70 silly idealTree │ ├── ini@1.3.5
70 silly idealTree │ ├── is-fullwidth-code-point@1.0.0
70 silly idealTree │ ├── is-typedarray@1.0.0
70 silly idealTree │ ├── isarray@1.0.0
70 silly idealTree │ ├── isstream@0.1.2
70 silly idealTree │ ├── jsbn@0.1.1
70 silly idealTree │ ├── json-schema@0.2.3
70 silly idealTree │ ├── json-stable-stringify@1.0.1
70 silly idealTree │ ├── json-stringify-safe@5.0.1
70 silly idealTree │ ├── jsonify@0.0.0
70 silly idealTree │ ├─┬ jsprim@1.4.1
70 silly idealTree │ │ └── assert-plus@1.0.0
70 silly idealTree │ ├── mime-db@1.30.0
70 silly idealTree │ ├── mime-types@2.1.17
70 silly idealTree │ ├── minimatch@3.0.4
70 silly idealTree │ ├── minimist@0.0.8
70 silly idealTree │ ├── mkdirp@0.5.1
70 silly idealTree │ ├── ms@2.0.0
70 silly idealTree │ ├── node-pre-gyp@0.6.39
70 silly idealTree │ ├── nopt@4.0.1
70 silly idealTree │ ├── npmlog@4.1.2
70 silly idealTree │ ├── number-is-nan@1.0.1
70 silly idealTree │ ├── oauth-sign@0.8.2
70 silly idealTree │ ├── object-assign@4.1.1
70 silly idealTree │ ├── once@1.4.0
70 silly idealTree │ ├── os-homedir@1.0.2
70 silly idealTree │ ├── os-tmpdir@1.0.2
70 silly idealTree │ ├── osenv@0.1.4
70 silly idealTree │ ├── path-is-absolute@1.0.1
70 silly idealTree │ ├── performance-now@0.2.0
70 silly idealTree │ ├── process-nextick-args@1.0.7
70 silly idealTree │ ├── punycode@1.4.1
70 silly idealTree │ ├── qs@6.4.0
70 silly idealTree │ ├─┬ rc@1.2.2
70 silly idealTree │ │ └── minimist@1.2.0
70 silly idealTree │ ├── readable-stream@2.3.3
70 silly idealTree │ ├── request@2.81.0
70 silly idealTree │ ├── rimraf@2.6.2
70 silly idealTree │ ├── safe-buffer@5.1.1
70 silly idealTree │ ├── semver@5.4.1
70 silly idealTree │ ├── set-blocking@2.0.0
70 silly idealTree │ ├── signal-exit@3.0.2
70 silly idealTree │ ├── sntp@1.0.9
70 silly idealTree │ ├─┬ sshpk@1.13.1
70 silly idealTree │ │ └── assert-plus@1.0.0
70 silly idealTree │ ├── string_decoder@1.0.3
70 silly idealTree │ ├── string-width@1.0.2
70 silly idealTree │ ├── stringstream@0.0.5
70 silly idealTree │ ├── strip-ansi@3.0.1
70 silly idealTree │ ├── strip-json-comments@2.0.1
70 silly idealTree │ ├── tar-pack@3.4.1
70 silly idealTree │ ├── tar@2.2.1
70 silly idealTree │ ├── tough-cookie@2.3.3
70 silly idealTree │ ├── tunnel-agent@0.6.0
70 silly idealTree │ ├── tweetnacl@0.14.5
70 silly idealTree │ ├── uid-number@0.0.6
70 silly idealTree │ ├── util-deprecate@1.0.2
70 silly idealTree │ ├── uuid@3.1.0
70 silly idealTree │ ├─┬ verror@1.10.0
70 silly idealTree │ │ └── assert-plus@1.0.0
70 silly idealTree │ ├── wide-align@1.1.2
70 silly idealTree │ └── wrappy@1.0.2
70 silly idealTree ├── http-parser-js@0.4.9
70 silly idealTree ├── inflight@1.0.6
70 silly idealTree ├── inherits@2.0.3
70 silly idealTree ├── ini@1.3.5
70 silly idealTree ├── invert-kv@1.0.0
70 silly idealTree ├── is-fullwidth-code-point@1.0.0
70 silly idealTree ├─┬ js-beautify@1.13.0
70 silly idealTree │ └── glob@7.1.6
70 silly idealTree ├── lcid@1.0.0
70 silly idealTree ├── lodash@4.17.4
70 silly idealTree ├── long@3.2.0
70 silly idealTree ├── lru-cache@4.1.5
70 silly idealTree ├── material-components-web@7.0.0
70 silly idealTree ├── minimatch@3.0.4
70 silly idealTree ├── mkdirp@1.0.4
70 silly idealTree ├── nan@2.8.0
70 silly idealTree ├── node-gyp-build@3.7.0
70 silly idealTree ├── nopt@5.0.0
70 silly idealTree ├── number-is-nan@1.0.1
70 silly idealTree ├── once@1.4.0
70 silly idealTree ├── optjs@3.2.2
70 silly idealTree ├── os-locale@1.4.0
70 silly idealTree ├── path-is-absolute@1.0.1
70 silly idealTree ├── prettier@2.1.1
70 silly idealTree ├── promise-polyfill@6.1.0
70 silly idealTree ├── proto-list@1.2.4
70 silly idealTree ├── protobufjs@5.0.2
70 silly idealTree ├── pseudomap@1.0.2
70 silly idealTree ├── semver@5.7.1
70 silly idealTree ├── sigmund@1.0.1
70 silly idealTree ├── string-width@1.0.2
70 silly idealTree ├── strip-ansi@3.0.1
70 silly idealTree ├── tslib@1.13.0
70 silly idealTree ├── websocket-driver@0.7.0
70 silly idealTree ├── websocket-extensions@0.1.3
70 silly idealTree ├── window-size@0.1.4
70 silly idealTree ├── wrap-ansi@2.1.0
70 silly idealTree ├── wrappy@1.0.2
70 silly idealTree ├── xmlhttprequest@1.8.0
70 silly idealTree ├── y18n@3.2.1
70 silly idealTree ├── yallist@2.1.2
70 silly idealTree └── yargs@3.32.0
71 silly generateActionsToTake Starting
72 silly install generateActionsToTake
73 silly generateActionsToTake Finishing
74 silly diffTrees action count 5
75 silly diffTrees update prettier@2.1.1
76 silly diffTrees update bufferutil@4.0.1
77 silly diffTrees update firebase@4.8.1
78 silly diffTrees update js-beautify@1.13.0
79 silly diffTrees update material-components-web@7.0.0
80 silly decomposeActions action count 40
81 silly decomposeActions fetch prettier@2.1.1
82 silly decomposeActions extract prettier@2.1.1
83 silly decomposeActions test prettier@2.1.1
84 silly decomposeActions preinstall prettier@2.1.1
85 silly decomposeActions build prettier@2.1.1
86 silly decomposeActions install prettier@2.1.1
87 silly decomposeActions postinstall prettier@2.1.1
88 silly decomposeActions finalize prettier@2.1.1
89 silly decomposeActions fetch bufferutil@4.0.1
90 silly decomposeActions extract bufferutil@4.0.1
91 silly decomposeActions test bufferutil@4.0.1
92 silly decomposeActions preinstall bufferutil@4.0.1
93 silly decomposeActions build bufferutil@4.0.1
94 silly decomposeActions install bufferutil@4.0.1
95 silly decomposeActions postinstall bufferutil@4.0.1
96 silly decomposeActions finalize bufferutil@4.0.1
97 silly decomposeActions fetch firebase@4.8.1
98 silly decomposeActions extract firebase@4.8.1
99 silly decomposeActions test firebase@4.8.1
100 silly decomposeActions preinstall firebase@4.8.1
101 silly decomposeActions build firebase@4.8.1
102 silly decomposeActions install firebase@4.8.1
103 silly decomposeActions postinstall firebase@4.8.1
104 silly decomposeActions finalize firebase@4.8.1
105 silly decomposeActions fetch js-beautify@1.13.0
106 silly decomposeActions extract js-beautify@1.13.0
107 silly decomposeActions test js-beautify@1.13.0
108 silly decomposeActions preinstall js-beautify@1.13.0
109 silly decomposeActions build js-beautify@1.13.0
110 silly decomposeActions install js-beautify@1.13.0
111 silly decomposeActions postinstall js-beautify@1.13.0
112 silly decomposeActions finalize js-beautify@1.13.0
113 silly decomposeActions fetch material-components-web@7.0.0
114 silly decomposeActions extract material-components-web@7.0.0
115 silly decomposeActions test material-components-web@7.0.0
116 silly decomposeActions preinstall material-components-web@7.0.0
117 silly decomposeActions build material-components-web@7.0.0
118 silly decomposeActions install material-components-web@7.0.0
119 silly decomposeActions postinstall material-components-web@7.0.0
120 silly decomposeActions finalize material-components-web@7.0.0
121 silly executeActions Starting
122 silly install executeActions
123 silly doSerial global-install 0
124 silly doParallel fetch 5
125 verbose lock using /home/martin/.npm/_locks/staging-c48a3d79ba648bae.lock for /mnt/c/Users/marti/node_modules/.staging
126 silly doParallel extract 5
127 silly extract prettier@2.1.1
128 silly extract bufferutil@4.0.1
129 silly extract firebase@4.8.1
130 silly extract js-beautify@1.13.0
131 silly extract material-components-web@7.0.0
132 silly addNamed bufferutil@4.0.1
133 verbose addNamed "4.0.1" is a plain semver version for bufferutil
134 silly mapToRegistry name bufferutil
135 silly mapToRegistry using default registry
136 silly mapToRegistry registry https://registry.npmjs.org/
137 silly mapToRegistry uri https://registry.npmjs.org/bufferutil
138 verbose addNameVersion registry:https://registry.npmjs.org/bufferutil not in flight; fetching
139 silly addNamed firebase@4.8.1
140 verbose addNamed "4.8.1" is a plain semver version for firebase
141 silly mapToRegistry name firebase
142 silly mapToRegistry using default registry
143 silly mapToRegistry registry https://registry.npmjs.org/
144 silly mapToRegistry uri https://registry.npmjs.org/firebase
145 verbose addNameVersion registry:https://registry.npmjs.org/firebase not in flight; fetching
146 silly addNamed material-components-web@7.0.0
147 verbose addNamed "7.0.0" is a plain semver version for material-components-web
148 silly mapToRegistry name material-components-web
149 silly mapToRegistry using default registry
150 silly mapToRegistry registry https://registry.npmjs.org/
151 silly mapToRegistry uri https://registry.npmjs.org/material-components-web
152 verbose addNameVersion registry:https://registry.npmjs.org/material-components-web not in flight; fetching
153 verbose request uri https://registry.npmjs.org/bufferutil
154 verbose request no auth needed
155 info attempt registry request try #1 at 9:43:27 AM
156 http request GET https://registry.npmjs.org/bufferutil
157 verbose request uri https://registry.npmjs.org/firebase
158 verbose request no auth needed
159 info attempt registry request try #1 at 9:43:27 AM
160 http request GET https://registry.npmjs.org/firebase
161 verbose request uri https://registry.npmjs.org/material-components-web
162 verbose request no auth needed
163 info attempt registry request try #1 at 9:43:27 AM
164 http request GET https://registry.npmjs.org/material-components-web
165 verbose unbuild node_modules/.staging/prettier-a05c0a14
166 silly gentlyRm /mnt/c/Users/marti/node_modules/.staging/prettier-a05c0a14 is being purged from base /mnt/c/Users/marti
167 verbose gentlyRm don't care about contents; nuking /mnt/c/Users/marti/node_modules/.staging/prettier-a05c0a14
168 verbose tar unpack /home/martin/.npm/prettier/2.1.1/package.tgz
169 verbose tar unpacking to /mnt/c/Users/marti/node_modules/.staging/prettier-a05c0a14
170 silly gentlyRm /mnt/c/Users/marti/node_modules/.staging/prettier-a05c0a14 is being purged
171 verbose gentlyRm don't care about contents; nuking /mnt/c/Users/marti/node_modules/.staging/prettier-a05c0a14
172 silly gunzTarPerm modes [ '777', '666' ]
173 verbose unbuild node_modules/.staging/js-beautify-1a7ece1e
174 silly gentlyRm /mnt/c/Users/marti/node_modules/.staging/js-beautify-1a7ece1e is being purged from base /mnt/c/Users/marti
175 verbose gentlyRm don't care about contents; nuking /mnt/c/Users/marti/node_modules/.staging/js-beautify-1a7ece1e
176 verbose tar unpack /home/martin/.npm/js-beautify/1.13.0/package.tgz
177 verbose tar unpacking to /mnt/c/Users/marti/node_modules/.staging/js-beautify-1a7ece1e
178 silly gentlyRm /mnt/c/Users/marti/node_modules/.staging/js-beautify-1a7ece1e is being purged
179 verbose gentlyRm don't care about contents; nuking /mnt/c/Users/marti/node_modules/.staging/js-beautify-1a7ece1e
180 silly gunzTarPerm modes [ '777', '666' ]
181 silly gunzTarPerm extractEntry LICENSE
182 silly gunzTarPerm modified mode [ 'LICENSE', 420, 438 ]
183 silly gunzTarPerm extractEntry bin-prettier.js
184 silly gunzTarPerm modified mode [ 'bin-prettier.js', 493, 511 ]
185 silly gunzTarPerm extractEntry LICENSE
186 silly gunzTarPerm modified mode [ 'LICENSE', 420, 438 ]
187 silly gunzTarPerm extractEntry js/src/javascript/acorn.js
188 silly gunzTarPerm modified mode [ 'js/src/javascript/acorn.js', 420, 438 ]
189 silly gunzTarPerm extractEntry js/lib/beautifier.js
190 silly gunzTarPerm modified mode [ 'js/lib/beautifier.js', 420, 438 ]
191 silly gunzTarPerm extractEntry doc.js
192 silly gunzTarPerm modified mode [ 'doc.js', 420, 438 ]
193 silly gunzTarPerm extractEntry index.js
194 silly gunzTarPerm modified mode [ 'index.js', 420, 438 ]
195 silly gunzTarPerm extractEntry js/src/css/beautifier.js
196 silly gunzTarPerm modified mode [ 'js/src/css/beautifier.js', 420, 438 ]
197 silly gunzTarPerm extractEntry js/src/html/beautifier.js
198 silly gunzTarPerm modified mode [ 'js/src/html/beautifier.js', 420, 438 ]
199 silly gunzTarPerm extractEntry js/src/javascript/beautifier.js
200 silly gunzTarPerm modified mode [ 'js/src/javascript/beautifier.js', 420, 438 ]
201 silly gunzTarPerm extractEntry js/lib/beautifier.min.js
202 silly gunzTarPerm modified mode [ 'js/lib/beautifier.min.js', 420, 438 ]
203 silly gunzTarPerm extractEntry js/lib/beautify-css.js
204 silly gunzTarPerm modified mode [ 'js/lib/beautify-css.js', 420, 438 ]
205 silly gunzTarPerm extractEntry js/lib/beautify-html.js
206 silly gunzTarPerm modified mode [ 'js/lib/beautify-html.js', 420, 438 ]
207 silly gunzTarPerm extractEntry js/lib/beautify.js
208 silly gunzTarPerm modified mode [ 'js/lib/beautify.js', 420, 438 ]
209 silly gunzTarPerm extractEntry js/lib/cli.js
210 silly gunzTarPerm modified mode [ 'js/lib/cli.js', 493, 511 ]
211 silly gunzTarPerm extractEntry js/src/cli.js
212 silly gunzTarPerm modified mode [ 'js/src/cli.js', 493, 511 ]
213 silly gunzTarPerm extractEntry js/bin/css-beautify.js
214 silly gunzTarPerm modified mode [ 'js/bin/css-beautify.js', 493, 511 ]
215 http 200 https://registry.npmjs.org/bufferutil
216 verbose headers { date: 'Thu, 27 Aug 2020 16:43:27 GMT',
216 verbose headers   'content-type': 'application/json',
216 verbose headers   'transfer-encoding': 'chunked',
216 verbose headers   connection: 'keep-alive',
216 verbose headers   'set-cookie': [ '__cfduid=d66919b04bbadc56f088a2eb3a0eab60f1598546607; expires=Sat, 26-Sep-20 16:43:27 GMT; path=/; domain=.npmjs.org; HttpOnly; SameSite=Lax' ],
216 verbose headers   'cf-ray': '5c974067fdae6d8e-SJC',
216 verbose headers   age: '5982',
216 verbose headers   'cache-control': 'public, max-age=300',
216 verbose headers   etag: 'W/"d152ecbcb5a1345426a96c67e5c60801"',
216 verbose headers   'last-modified': 'Tue, 01 Jan 2019 11:09:11 GMT',
216 verbose headers   vary: 'accept-encoding, accept',
216 verbose headers   'cf-cache-status': 'HIT',
216 verbose headers   'cf-request-id': '04d26694fd00006d8e72377200000001',
216 verbose headers   'expect-ct': 'max-age=604800, report-uri="https://report-uri.cloudflare.com/cdn-cgi/beacon/expect-ct"',
216 verbose headers   server: 'cloudflare',
216 verbose headers   'content-encoding': 'gzip' }
217 silly get cb [ 200,
217 silly get   { date: 'Thu, 27 Aug 2020 16:43:27 GMT',
217 silly get     'content-type': 'application/json',
217 silly get     'transfer-encoding': 'chunked',
217 silly get     connection: 'keep-alive',
217 silly get     'set-cookie': [ '__cfduid=d66919b04bbadc56f088a2eb3a0eab60f1598546607; expires=Sat, 26-Sep-20 16:43:27 GMT; path=/; domain=.npmjs.org; HttpOnly; SameSite=Lax' ],
217 silly get     'cf-ray': '5c974067fdae6d8e-SJC',
217 silly get     age: '5982',
217 silly get     'cache-control': 'public, max-age=300',
217 silly get     etag: 'W/"d152ecbcb5a1345426a96c67e5c60801"',
217 silly get     'last-modified': 'Tue, 01 Jan 2019 11:09:11 GMT',
217 silly get     vary: 'accept-encoding, accept',
217 silly get     'cf-cache-status': 'HIT',
217 silly get     'cf-request-id': '04d26694fd00006d8e72377200000001',
217 silly get     'expect-ct': 'max-age=604800, report-uri="https://report-uri.cloudflare.com/cdn-cgi/beacon/expect-ct"',
217 silly get     server: 'cloudflare',
217 silly get     'content-encoding': 'gzip' } ]
218 verbose get saving bufferutil to /home/martin/.npm/registry.npmjs.org/bufferutil/.cache.json
219 silly gunzTarPerm extractEntry js/src/core/directives.js
220 silly gunzTarPerm modified mode [ 'js/src/core/directives.js', 420, 438 ]
221 silly gunzTarPerm extractEntry js/bin/html-beautify.js
222 silly gunzTarPerm modified mode [ 'js/bin/html-beautify.js', 493, 511 ]
223 silly gunzTarPerm extractEntry js/index.js
224 silly gunzTarPerm modified mode [ 'js/index.js', 420, 438 ]
225 silly gunzTarPerm extractEntry js/src/css/index.js
226 silly gunzTarPerm modified mode [ 'js/src/css/index.js', 420, 438 ]
227 silly mapToRegistry name bufferutil
228 silly mapToRegistry using default registry
229 silly mapToRegistry registry https://registry.npmjs.org/
230 silly mapToRegistry uri https://registry.npmjs.org/bufferutil
231 verbose addRemoteTarball https://registry.npmjs.org/bufferutil/-/bufferutil-4.0.1.tgz not in flight; adding
232 verbose addRemoteTarball [ 'https://registry.npmjs.org/bufferutil/-/bufferutil-4.0.1.tgz',
232 verbose addRemoteTarball   '3a177e8e5819a1243fe16b63a199951a7ad8d4a7' ]
233 silly gunzTarPerm extractEntry js/src/html/index.js
234 silly gunzTarPerm modified mode [ 'js/src/html/index.js', 420, 438 ]
235 info retry fetch attempt 1 at 9:43:27 AM
236 info attempt registry request try #1 at 9:43:27 AM
237 http fetch GET https://registry.npmjs.org/bufferutil/-/bufferutil-4.0.1.tgz
238 silly gunzTarPerm extractEntry js/src/index.js
239 silly gunzTarPerm modified mode [ 'js/src/index.js', 420, 438 ]
240 silly gunzTarPerm extractEntry js/src/javascript/index.js
241 silly gunzTarPerm modified mode [ 'js/src/javascript/index.js', 420, 438 ]
242 silly gunzTarPerm extractEntry js/src/core/inputscanner.js
243 silly gunzTarPerm modified mode [ 'js/src/core/inputscanner.js', 420, 438 ]
244 silly gunzTarPerm extractEntry js/lib/unpackers/javascriptobfuscator_unpacker.js
245 silly gunzTarPerm modified mode [ 'js/lib/unpackers/javascriptobfuscator_unpacker.js', 420, 438 ]
246 silly gunzTarPerm extractEntry js/src/unpackers/javascriptobfuscator_unpacker.js
247 silly gunzTarPerm modified mode [ 'js/src/unpackers/javascriptobfuscator_unpacker.js', 420, 438 ]
248 silly gunzTarPerm extractEntry js/bin/js-beautify.js
249 silly gunzTarPerm modified mode [ 'js/bin/js-beautify.js', 493, 511 ]
250 silly gunzTarPerm extractEntry js/lib/unpackers/myobfuscate_unpacker.js
251 silly gunzTarPerm modified mode [ 'js/lib/unpackers/myobfuscate_unpacker.js', 420, 438 ]
252 silly gunzTarPerm extractEntry parser-angular.js
253 silly gunzTarPerm modified mode [ 'parser-angular.js', 420, 438 ]
254 silly gunzTarPerm extractEntry parser-babel.js
255 silly gunzTarPerm modified mode [ 'parser-babel.js', 420, 438 ]
256 silly gunzTarPerm extractEntry js/src/unpackers/myobfuscate_unpacker.js
257 silly gunzTarPerm modified mode [ 'js/src/unpackers/myobfuscate_unpacker.js', 420, 438 ]
258 silly gunzTarPerm extractEntry js/src/core/options.js
259 silly gunzTarPerm modified mode [ 'js/src/core/options.js', 420, 438 ]
260 silly gunzTarPerm extractEntry js/src/css/options.js
261 silly gunzTarPerm modified mode [ 'js/src/css/options.js', 420, 438 ]
262 silly gunzTarPerm extractEntry js/src/html/options.js
263 silly gunzTarPerm modified mode [ 'js/src/html/options.js', 420, 438 ]
264 silly gunzTarPerm extractEntry js/src/javascript/options.js
265 silly gunzTarPerm modified mode [ 'js/src/javascript/options.js', 420, 438 ]
266 silly gunzTarPerm extractEntry parser-flow.js
267 silly gunzTarPerm modified mode [ 'parser-flow.js', 420, 438 ]
268 silly gunzTarPerm extractEntry js/src/core/output.js
269 silly gunzTarPerm modified mode [ 'js/src/core/output.js', 420, 438 ]
270 silly gunzTarPerm extractEntry js/lib/unpackers/p_a_c_k_e_r_unpacker.js
271 silly gunzTarPerm modified mode [ 'js/lib/unpackers/p_a_c_k_e_r_unpacker.js', 420, 438 ]
272 silly gunzTarPerm extractEntry js/src/unpackers/p_a_c_k_e_r_unpacker.js
273 silly gunzTarPerm modified mode [ 'js/src/unpackers/p_a_c_k_e_r_unpacker.js', 420, 438 ]
274 silly gunzTarPerm extractEntry js/src/core/pattern.js
275 silly gunzTarPerm modified mode [ 'js/src/core/pattern.js', 420, 438 ]
276 silly gunzTarPerm extractEntry js/src/core/templatablepattern.js
277 silly gunzTarPerm modified mode [ 'js/src/core/templatablepattern.js', 420, 438 ]
278 silly gunzTarPerm extractEntry js/src/core/token.js
279 silly gunzTarPerm modified mode [ 'js/src/core/token.js', 420, 438 ]
280 silly gunzTarPerm extractEntry js/src/core/tokenizer.js
281 silly gunzTarPerm modified mode [ 'js/src/core/tokenizer.js', 420, 438 ]
282 silly gunzTarPerm extractEntry js/src/css/tokenizer.js
283 silly gunzTarPerm modified mode [ 'js/src/css/tokenizer.js', 420, 438 ]
284 silly gunzTarPerm extractEntry js/src/html/tokenizer.js
285 silly gunzTarPerm modified mode [ 'js/src/html/tokenizer.js', 420, 438 ]
286 silly gunzTarPerm extractEntry js/src/javascript/tokenizer.js
287 silly gunzTarPerm modified mode [ 'js/src/javascript/tokenizer.js', 420, 438 ]
288 silly gunzTarPerm extractEntry js/src/core/tokenstream.js
289 silly gunzTarPerm modified mode [ 'js/src/core/tokenstream.js', 420, 438 ]
290 silly gunzTarPerm extractEntry js/lib/unpackers/urlencode_unpacker.js
291 silly gunzTarPerm modified mode [ 'js/lib/unpackers/urlencode_unpacker.js', 420, 438 ]
292 silly gunzTarPerm extractEntry js/src/unpackers/urlencode_unpacker.js
293 silly gunzTarPerm modified mode [ 'js/src/unpackers/urlencode_unpacker.js', 420, 438 ]
294 silly gunzTarPerm extractEntry js/src/core/whitespacepattern.js
295 silly gunzTarPerm modified mode [ 'js/src/core/whitespacepattern.js', 420, 438 ]
296 silly gunzTarPerm extractEntry package.json
297 silly gunzTarPerm modified mode [ 'package.json', 420, 438 ]
298 silly gunzTarPerm extractEntry CHANGELOG.md
299 silly gunzTarPerm modified mode [ 'CHANGELOG.md', 420, 438 ]
300 silly gunzTarPerm extractEntry README.md
301 silly gunzTarPerm modified mode [ 'README.md', 420, 438 ]
302 silly gunzTarPerm extractEntry parser-glimmer.js
303 silly gunzTarPerm modified mode [ 'parser-glimmer.js', 420, 438 ]
304 silly gunzTarPerm extractEntry parser-graphql.js
305 silly gunzTarPerm modified mode [ 'parser-graphql.js', 420, 438 ]
306 silly gunzTarPerm extractEntry parser-html.js
307 silly gunzTarPerm modified mode [ 'parser-html.js', 420, 438 ]
308 silly gunzTarPerm extractEntry parser-markdown.js
309 silly gunzTarPerm modified mode [ 'parser-markdown.js', 420, 438 ]
310 silly gunzTarPerm extractEntry parser-postcss.js
311 silly gunzTarPerm modified mode [ 'parser-postcss.js', 420, 438 ]
312 silly gunzTarPerm extractEntry parser-typescript.js
313 silly gunzTarPerm modified mode [ 'parser-typescript.js', 420, 438 ]
314 http fetch 200 https://registry.npmjs.org/bufferutil/-/bufferutil-4.0.1.tgz
315 silly gunzTarPerm extractEntry parser-yaml.js
316 silly gunzTarPerm modified mode [ 'parser-yaml.js', 420, 438 ]
317 silly gunzTarPerm extractEntry standalone.js
318 silly gunzTarPerm modified mode [ 'standalone.js', 420, 438 ]
319 silly gunzTarPerm extractEntry third-party.js
320 silly gunzTarPerm modified mode [ 'third-party.js', 420, 438 ]
321 http 200 https://registry.npmjs.org/material-components-web
322 verbose headers { date: 'Thu, 27 Aug 2020 16:43:27 GMT',
322 verbose headers   'content-type': 'application/json',
322 verbose headers   'transfer-encoding': 'chunked',
322 verbose headers   connection: 'keep-alive',
322 verbose headers   'set-cookie': [ '__cfduid=d9010c7435338be7f51881a509c3da8c01598546607; expires=Sat, 26-Sep-20 16:43:27 GMT; path=/; domain=.npmjs.org; HttpOnly; SameSite=Lax' ],
322 verbose headers   'cf-ray': '5c9740681982938e-SJC',
322 verbose headers   age: '1457',
322 verbose headers   'cache-control': 'public, max-age=300',
322 verbose headers   etag: 'W/"605f2166b6315bcd02995d8957868f08"',
322 verbose headers   'last-modified': 'Thu, 27 Aug 2020 16:10:24 GMT',
322 verbose headers   vary: 'accept-encoding, accept',
322 verbose headers   'cf-cache-status': 'HIT',
322 verbose headers   'cf-request-id': '04d266950d0000938ef993b200000001',
322 verbose headers   'expect-ct': 'max-age=604800, report-uri="https://report-uri.cloudflare.com/cdn-cgi/beacon/expect-ct"',
322 verbose headers   server: 'cloudflare',
322 verbose headers   'content-encoding': 'gzip' }
323 silly get cb [ 200,
323 silly get   { date: 'Thu, 27 Aug 2020 16:43:27 GMT',
323 silly get     'content-type': 'application/json',
323 silly get     'transfer-encoding': 'chunked',
323 silly get     connection: 'keep-alive',
323 silly get     'set-cookie': [ '__cfduid=d9010c7435338be7f51881a509c3da8c01598546607; expires=Sat, 26-Sep-20 16:43:27 GMT; path=/; domain=.npmjs.org; HttpOnly; SameSite=Lax' ],
323 silly get     'cf-ray': '5c9740681982938e-SJC',
323 silly get     age: '1457',
323 silly get     'cache-control': 'public, max-age=300',
323 silly get     etag: 'W/"605f2166b6315bcd02995d8957868f08"',
323 silly get     'last-modified': 'Thu, 27 Aug 2020 16:10:24 GMT',
323 silly get     vary: 'accept-encoding, accept',
323 silly get     'cf-cache-status': 'HIT',
323 silly get     'cf-request-id': '04d266950d0000938ef993b200000001',
323 silly get     'expect-ct': 'max-age=604800, report-uri="https://report-uri.cloudflare.com/cdn-cgi/beacon/expect-ct"',
323 silly get     server: 'cloudflare',
323 silly get     'content-encoding': 'gzip' } ]
324 verbose get saving material-components-web to /home/martin/.npm/registry.npmjs.org/material-components-web/.cache.json
325 silly mapToRegistry name material-components-web
326 silly mapToRegistry using default registry
327 silly mapToRegistry registry https://registry.npmjs.org/
328 silly mapToRegistry uri https://registry.npmjs.org/material-components-web
329 verbose addRemoteTarball https://registry.npmjs.org/material-components-web/-/material-components-web-7.0.0.tgz not in flight; adding
330 verbose addRemoteTarball [ 'https://registry.npmjs.org/material-components-web/-/material-components-web-7.0.0.tgz',
330 verbose addRemoteTarball   '374c5b7681ed9844e28bb806e8899eda103757d8' ]
331 silly gunzTarPerm extractEntry package.json
332 silly gunzTarPerm modified mode [ 'package.json', 420, 438 ]
333 info retry fetch attempt 1 at 9:43:28 AM
334 info attempt registry request try #1 at 9:43:28 AM
335 http fetch GET https://registry.npmjs.org/material-components-web/-/material-components-web-7.0.0.tgz
336 silly fetchAndShaCheck shasum 3a177e8e5819a1243fe16b63a199951a7ad8d4a7
337 silly gunzTarPerm extractEntry README.md
338 silly gunzTarPerm modified mode [ 'README.md', 420, 438 ]
339 verbose addTmpTarball /tmp/npm-444-1403b4ff/registry.npmjs.org/bufferutil/-/bufferutil-4.0.1.tgz not in flight; adding
340 verbose addTmpTarball already have metadata; skipping unpack for bufferutil@4.0.1
341 verbose unbuild node_modules/.staging/bufferutil-4ffc2fa9
342 silly gentlyRm /mnt/c/Users/marti/node_modules/.staging/bufferutil-4ffc2fa9 is being purged from base /mnt/c/Users/marti
343 verbose gentlyRm don't care about contents; nuking /mnt/c/Users/marti/node_modules/.staging/bufferutil-4ffc2fa9
344 verbose tar unpack /home/martin/.npm/bufferutil/4.0.1/package.tgz
345 verbose tar unpacking to /mnt/c/Users/marti/node_modules/.staging/bufferutil-4ffc2fa9
346 silly gentlyRm /mnt/c/Users/marti/node_modules/.staging/bufferutil-4ffc2fa9 is being purged
347 verbose gentlyRm don't care about contents; nuking /mnt/c/Users/marti/node_modules/.staging/bufferutil-4ffc2fa9
348 silly gunzTarPerm modes [ '777', '666' ]
349 silly gunzTarPerm extractEntry package.json
350 silly gunzTarPerm modified mode [ 'package.json', 420, 438 ]
351 silly gunzTarPerm extractEntry binding.gyp
352 silly gunzTarPerm modified mode [ 'binding.gyp', 420, 438 ]
353 silly gunzTarPerm extractEntry fallback.js
354 silly gunzTarPerm modified mode [ 'fallback.js', 420, 438 ]
355 silly gunzTarPerm extractEntry index.js
356 silly gunzTarPerm modified mode [ 'index.js', 420, 438 ]
357 silly gunzTarPerm extractEntry LICENSE
358 silly gunzTarPerm modified mode [ 'LICENSE', 420, 438 ]
359 silly gunzTarPerm extractEntry README.md
360 silly gunzTarPerm modified mode [ 'README.md', 420, 438 ]
361 silly gunzTarPerm extractEntry prebuilds/darwin-x64/electron-napi.node
362 silly gunzTarPerm modified mode [ 'prebuilds/darwin-x64/electron-napi.node', 493, 511 ]
363 silly gunzTarPerm extractEntry prebuilds/darwin-x64/node-napi.node
364 silly gunzTarPerm modified mode [ 'prebuilds/darwin-x64/node-napi.node', 493, 511 ]
365 silly gunzTarPerm extractEntry prebuilds/linux-x64/electron-napi.node
366 silly gunzTarPerm modified mode [ 'prebuilds/linux-x64/electron-napi.node', 493, 511 ]
367 silly gunzTarPerm extractEntry prebuilds/linux-x64/node-napi.node
368 silly gunzTarPerm modified mode [ 'prebuilds/linux-x64/node-napi.node', 493, 511 ]
369 silly gunzTarPerm extractEntry prebuilds/win32-ia32/electron-napi.node
370 silly gunzTarPerm modified mode [ 'prebuilds/win32-ia32/electron-napi.node', 420, 438 ]
371 silly gunzTarPerm extractEntry prebuilds/win32-ia32/node-napi.node
372 silly gunzTarPerm modified mode [ 'prebuilds/win32-ia32/node-napi.node', 420, 438 ]
373 silly gunzTarPerm extractEntry prebuilds/win32-x64/electron-napi.node
374 silly gunzTarPerm modified mode [ 'prebuilds/win32-x64/electron-napi.node', 420, 438 ]
375 silly gunzTarPerm extractEntry prebuilds/win32-x64/node-napi.node
376 silly gunzTarPerm modified mode [ 'prebuilds/win32-x64/node-napi.node', 420, 438 ]
377 silly gunzTarPerm extractEntry src/bufferutil.c
378 silly gunzTarPerm modified mode [ 'src/bufferutil.c', 420, 438 ]
379 http fetch 200 https://registry.npmjs.org/material-components-web/-/material-components-web-7.0.0.tgz
380 silly gentlyRm /mnt/c/Users/marti/node_modules/.staging/js-beautify-1a7ece1e/node_modules is being purged
381 verbose gentlyRm don't care about contents; nuking /mnt/c/Users/marti/node_modules/.staging/js-beautify-1a7ece1e/node_modules
382 silly gentlyRm /mnt/c/Users/marti/node_modules/.staging/bufferutil-4ffc2fa9/node_modules is being purged
383 verbose gentlyRm don't care about contents; nuking /mnt/c/Users/marti/node_modules/.staging/bufferutil-4ffc2fa9/node_modules
384 http 200 https://registry.npmjs.org/firebase
385 verbose headers { date: 'Thu, 27 Aug 2020 16:43:27 GMT',
385 verbose headers   'content-type': 'application/json',
385 verbose headers   'transfer-encoding': 'chunked',
385 verbose headers   connection: 'keep-alive',
385 verbose headers   'set-cookie': [ '__cfduid=d7ec04b585d95730c6a823a893ede2e361598546607; expires=Sat, 26-Sep-20 16:43:27 GMT; path=/; domain=.npmjs.org; HttpOnly; SameSite=Lax' ],
385 verbose headers   'cf-ray': '5c974067f9760fbf-SJC',
385 verbose headers   age: '6551',
385 verbose headers   'cache-control': 'public, max-age=300',
385 verbose headers   etag: 'W/"de7ad926be156c32aa948b0026cddac1"',
385 verbose headers   'last-modified': 'Thu, 27 Aug 2020 10:11:20 GMT',
385 verbose headers   vary: 'accept-encoding, accept',
385 verbose headers   'cf-cache-status': 'HIT',
385 verbose headers   'cf-request-id': '04d26694fd00000fbf3115f200000001',
385 verbose headers   'expect-ct': 'max-age=604800, report-uri="https://report-uri.cloudflare.com/cdn-cgi/beacon/expect-ct"',
385 verbose headers   server: 'cloudflare',
385 verbose headers   'content-encoding': 'gzip' }
386 silly get cb [ 200,
386 silly get   { date: 'Thu, 27 Aug 2020 16:43:27 GMT',
386 silly get     'content-type': 'application/json',
386 silly get     'transfer-encoding': 'chunked',
386 silly get     connection: 'keep-alive',
386 silly get     'set-cookie': [ '__cfduid=d7ec04b585d95730c6a823a893ede2e361598546607; expires=Sat, 26-Sep-20 16:43:27 GMT; path=/; domain=.npmjs.org; HttpOnly; SameSite=Lax' ],
386 silly get     'cf-ray': '5c974067f9760fbf-SJC',
386 silly get     age: '6551',
386 silly get     'cache-control': 'public, max-age=300',
386 silly get     etag: 'W/"de7ad926be156c32aa948b0026cddac1"',
386 silly get     'last-modified': 'Thu, 27 Aug 2020 10:11:20 GMT',
386 silly get     vary: 'accept-encoding, accept',
386 silly get     'cf-cache-status': 'HIT',
386 silly get     'cf-request-id': '04d26694fd00000fbf3115f200000001',
386 silly get     'expect-ct': 'max-age=604800, report-uri="https://report-uri.cloudflare.com/cdn-cgi/beacon/expect-ct"',
386 silly get     server: 'cloudflare',
386 silly get     'content-encoding': 'gzip' } ]
387 verbose get saving firebase to /home/martin/.npm/registry.npmjs.org/firebase/.cache.json
388 silly mapToRegistry name firebase
389 silly mapToRegistry using default registry
390 silly mapToRegistry registry https://registry.npmjs.org/
391 silly mapToRegistry uri https://registry.npmjs.org/firebase
392 verbose addRemoteTarball https://registry.npmjs.org/firebase/-/firebase-4.8.1.tgz not in flight; adding
393 verbose addRemoteTarball [ 'https://registry.npmjs.org/firebase/-/firebase-4.8.1.tgz',
393 verbose addRemoteTarball   'ae1b0c9f94525abcd35447e22fa2da49eb920c2c' ]
394 silly fetchAndShaCheck shasum 374c5b7681ed9844e28bb806e8899eda103757d8
395 info retry fetch attempt 1 at 9:43:29 AM
396 info attempt registry request try #1 at 9:43:29 AM
397 http fetch GET https://registry.npmjs.org/firebase/-/firebase-4.8.1.tgz
398 verbose addTmpTarball /tmp/npm-444-1403b4ff/registry.npmjs.org/material-components-web/-/material-components-web-7.0.0.tgz not in flight; adding
399 verbose addTmpTarball already have metadata; skipping unpack for material-components-web@7.0.0
400 verbose unbuild node_modules/.staging/material-components-web-96518042
401 silly gentlyRm /mnt/c/Users/marti/node_modules/.staging/material-components-web-96518042 is being purged from base /mnt/c/Users/marti
402 verbose gentlyRm don't care about contents; nuking /mnt/c/Users/marti/node_modules/.staging/material-components-web-96518042
403 verbose tar unpack /home/martin/.npm/material-components-web/7.0.0/package.tgz
404 verbose tar unpacking to /mnt/c/Users/marti/node_modules/.staging/material-components-web-96518042
405 silly gentlyRm /mnt/c/Users/marti/node_modules/.staging/material-components-web-96518042 is being purged
406 verbose gentlyRm don't care about contents; nuking /mnt/c/Users/marti/node_modules/.staging/material-components-web-96518042
407 silly gunzTarPerm modes [ '777', '666' ]
408 silly gunzTarPerm extractEntry LICENSE
409 silly gunzTarPerm modified mode [ 'LICENSE', 420, 438 ]
410 silly gunzTarPerm extractEntry dist/material-components-web.css
411 silly gunzTarPerm modified mode [ 'dist/material-components-web.css', 420, 438 ]
412 silly gunzTarPerm extractEntry dist/material-components-web.min.css
413 silly gunzTarPerm modified mode [ 'dist/material-components-web.min.css', 420, 438 ]
414 silly gunzTarPerm extractEntry index.js
415 silly gunzTarPerm modified mode [ 'index.js', 420, 438 ]
416 silly gunzTarPerm extractEntry dist/material-components-web.js
417 silly gunzTarPerm modified mode [ 'dist/material-components-web.js', 420, 438 ]
418 silly gunzTarPerm extractEntry dist/material-components-web.min.js
419 silly gunzTarPerm modified mode [ 'dist/material-components-web.min.js', 420, 438 ]
420 silly gunzTarPerm extractEntry package.json
421 silly gunzTarPerm modified mode [ 'package.json', 420, 438 ]
422 silly gunzTarPerm extractEntry index.js.map
423 silly gunzTarPerm modified mode [ 'index.js.map', 420, 438 ]
424 silly gunzTarPerm extractEntry dist/material-components-web.css.map
425 silly gunzTarPerm modified mode [ 'dist/material-components-web.css.map', 420, 438 ]
426 silly gunzTarPerm extractEntry dist/material-components-web.js.map
427 silly gunzTarPerm modified mode [ 'dist/material-components-web.js.map', 420, 438 ]
428 silly gentlyRm /mnt/c/Users/marti/node_modules/.staging/prettier-a05c0a14/node_modules is being purged
429 verbose gentlyRm don't care about contents; nuking /mnt/c/Users/marti/node_modules/.staging/prettier-a05c0a14/node_modules
430 silly gunzTarPerm extractEntry dist/material-components-web.min.css.map
431 silly gunzTarPerm modified mode [ 'dist/material-components-web.min.css.map', 420, 438 ]
432 silly gunzTarPerm extractEntry README.md
433 silly gunzTarPerm modified mode [ 'README.md', 420, 438 ]
434 silly gunzTarPerm extractEntry index.scss
435 silly gunzTarPerm modified mode [ 'index.scss', 420, 438 ]
436 silly gunzTarPerm extractEntry material-components-web.scss
437 silly gunzTarPerm modified mode [ 'material-components-web.scss', 420, 438 ]
438 silly gunzTarPerm extractEntry index.d.ts
439 silly gunzTarPerm modified mode [ 'index.d.ts', 420, 438 ]
440 silly gunzTarPerm extractEntry dist/material-components-web.d.ts
441 silly gunzTarPerm modified mode [ 'dist/material-components-web.d.ts', 420, 438 ]
442 silly gentlyRm /mnt/c/Users/marti/node_modules/.staging/material-components-web-96518042/node_modules is being purged
443 verbose gentlyRm don't care about contents; nuking /mnt/c/Users/marti/node_modules/.staging/material-components-web-96518042/node_modules
444 http fetch 200 https://registry.npmjs.org/firebase/-/firebase-4.8.1.tgz
445 silly fetchAndShaCheck shasum ae1b0c9f94525abcd35447e22fa2da49eb920c2c
446 verbose addTmpTarball /tmp/npm-444-1403b4ff/registry.npmjs.org/firebase/-/firebase-4.8.1.tgz not in flight; adding
447 verbose addTmpTarball already have metadata; skipping unpack for firebase@4.8.1
448 verbose unbuild node_modules/.staging/firebase-3e17f723
449 silly gentlyRm /mnt/c/Users/marti/node_modules/.staging/firebase-3e17f723 is being purged from base /mnt/c/Users/marti
450 verbose gentlyRm don't care about contents; nuking /mnt/c/Users/marti/node_modules/.staging/firebase-3e17f723
451 verbose tar unpack /home/martin/.npm/firebase/4.8.1/package.tgz
452 verbose tar unpacking to /mnt/c/Users/marti/node_modules/.staging/firebase-3e17f723
453 silly gentlyRm /mnt/c/Users/marti/node_modules/.staging/firebase-3e17f723 is being purged
454 verbose gentlyRm don't care about contents; nuking /mnt/c/Users/marti/node_modules/.staging/firebase-3e17f723
455 silly gunzTarPerm modes [ '777', '666' ]
456 silly gunzTarPerm extractEntry package.json
457 silly gunzTarPerm modified mode [ 'package.json', 416, 438 ]
458 silly gunzTarPerm extractEntry firebase-app.js
459 silly gunzTarPerm modified mode [ 'firebase-app.js', 416, 438 ]
460 silly gunzTarPerm extractEntry firebase-app.js.map
461 silly gunzTarPerm modified mode [ 'firebase-app.js.map', 416, 438 ]
462 silly gunzTarPerm extractEntry firebase-auth.js
463 silly gunzTarPerm modified mode [ 'firebase-auth.js', 416, 438 ]
464 silly gunzTarPerm extractEntry firebase-auth.js.map
465 silly gunzTarPerm modified mode [ 'firebase-auth.js.map', 416, 438 ]
466 silly gunzTarPerm extractEntry firebase-database.js
467 silly gunzTarPerm modified mode [ 'firebase-database.js', 416, 438 ]
468 silly gunzTarPerm extractEntry firebase-database.js.map
469 silly gunzTarPerm modified mode [ 'firebase-database.js.map', 416, 438 ]
470 silly gunzTarPerm extractEntry firebase-firestore.js
471 silly gunzTarPerm modified mode [ 'firebase-firestore.js', 416, 438 ]
472 silly gunzTarPerm extractEntry firebase-firestore.js.map
473 silly gunzTarPerm modified mode [ 'firebase-firestore.js.map', 416, 438 ]
474 silly gunzTarPerm extractEntry firebase-messaging.js
475 silly gunzTarPerm modified mode [ 'firebase-messaging.js', 416, 438 ]
476 silly gunzTarPerm extractEntry firebase-messaging.js.map
477 silly gunzTarPerm modified mode [ 'firebase-messaging.js.map', 416, 438 ]
478 silly gunzTarPerm extractEntry firebase-storage.js
479 silly gunzTarPerm modified mode [ 'firebase-storage.js', 416, 438 ]
480 silly gunzTarPerm extractEntry firebase-storage.js.map
481 silly gunzTarPerm modified mode [ 'firebase-storage.js.map', 416, 438 ]
482 silly gunzTarPerm extractEntry firebase.js
483 silly gunzTarPerm modified mode [ 'firebase.js', 416, 438 ]
484 silly gunzTarPerm extractEntry firebase.js.map
485 silly gunzTarPerm modified mode [ 'firebase.js.map', 416, 438 ]
486 silly gunzTarPerm extractEntry index.d.ts
487 silly gunzTarPerm modified mode [ 'index.d.ts', 416, 438 ]
488 silly gunzTarPerm extractEntry index.js
489 silly gunzTarPerm modified mode [ 'index.js', 416, 438 ]
490 silly gunzTarPerm extractEntry index.node.d.ts
491 silly gunzTarPerm modified mode [ 'index.node.d.ts', 416, 438 ]
492 silly gunzTarPerm extractEntry index.node.js
493 silly gunzTarPerm modified mode [ 'index.node.js', 416, 438 ]
494 silly gunzTarPerm extractEntry index.react-native.d.ts
495 silly gunzTarPerm modified mode [ 'index.react-native.d.ts', 416, 438 ]
496 silly gunzTarPerm extractEntry index.react-native.js
497 silly gunzTarPerm modified mode [ 'index.react-native.js', 416, 438 ]
498 silly gunzTarPerm extractEntry README.md
499 silly gunzTarPerm modified mode [ 'README.md', 416, 438 ]
500 silly gunzTarPerm extractEntry app/index.d.ts
501 silly gunzTarPerm modified mode [ 'app/index.d.ts', 416, 438 ]
502 silly gunzTarPerm extractEntry app/index.js
503 silly gunzTarPerm modified mode [ 'app/index.js', 416, 438 ]
504 silly gunzTarPerm extractEntry auth/index.d.ts
505 silly gunzTarPerm modified mode [ 'auth/index.d.ts', 416, 438 ]
506 silly gunzTarPerm extractEntry auth/index.js
507 silly gunzTarPerm modified mode [ 'auth/index.js', 416, 438 ]
508 silly gunzTarPerm extractEntry database/index.d.ts
509 silly gunzTarPerm modified mode [ 'database/index.d.ts', 416, 438 ]
510 silly gunzTarPerm extractEntry database/index.js
511 silly gunzTarPerm modified mode [ 'database/index.js', 416, 438 ]
512 silly gunzTarPerm extractEntry externs/firebase-app-externs.js
513 silly gunzTarPerm modified mode [ 'externs/firebase-app-externs.js', 416, 438 ]
514 silly gunzTarPerm extractEntry externs/firebase-app-internal-externs.js
515 silly gunzTarPerm modified mode [ 'externs/firebase-app-internal-externs.js', 416, 438 ]
516 silly gunzTarPerm extractEntry externs/firebase-auth-externs.js
517 silly gunzTarPerm modified mode [ 'externs/firebase-auth-externs.js', 416, 438 ]
518 silly gunzTarPerm extractEntry externs/firebase-client-auth-externs.js
519 silly gunzTarPerm modified mode [ 'externs/firebase-client-auth-externs.js', 416, 438 ]
520 silly gunzTarPerm extractEntry externs/firebase-database-externs.js
521 silly gunzTarPerm modified mode [ 'externs/firebase-database-externs.js', 416, 438 ]
522 silly gunzTarPerm extractEntry externs/firebase-database-internal-externs.js
523 silly gunzTarPerm modified mode [ 'externs/firebase-database-internal-externs.js', 416, 438 ]
524 silly gunzTarPerm extractEntry externs/firebase-error-externs.js
525 silly gunzTarPerm modified mode [ 'externs/firebase-error-externs.js', 416, 438 ]
526 silly gunzTarPerm extractEntry externs/firebase-externs.js
527 silly gunzTarPerm modified mode [ 'externs/firebase-externs.js', 416, 438 ]
528 silly gunzTarPerm extractEntry externs/firebase-messaging-externs.js
529 silly gunzTarPerm modified mode [ 'externs/firebase-messaging-externs.js', 416, 438 ]
530 silly gunzTarPerm extractEntry externs/firebase-storage-externs.js
531 silly gunzTarPerm modified mode [ 'externs/firebase-storage-externs.js', 416, 438 ]
532 silly gunzTarPerm extractEntry firestore/index.d.ts
533 silly gunzTarPerm modified mode [ 'firestore/index.d.ts', 416, 438 ]
534 silly gunzTarPerm extractEntry firestore/index.js
535 silly gunzTarPerm modified mode [ 'firestore/index.js', 416, 438 ]
536 silly gunzTarPerm extractEntry messaging/index.d.ts
537 silly gunzTarPerm modified mode [ 'messaging/index.d.ts', 416, 438 ]
538 silly gunzTarPerm extractEntry messaging/index.js
539 silly gunzTarPerm modified mode [ 'messaging/index.js', 416, 438 ]
540 silly gunzTarPerm extractEntry storage/index.d.ts
541 silly gunzTarPerm modified mode [ 'storage/index.d.ts', 416, 438 ]
542 silly gunzTarPerm extractEntry storage/index.js
543 silly gunzTarPerm modified mode [ 'storage/index.js', 416, 438 ]
544 silly gentlyRm /mnt/c/Users/marti/node_modules/.staging/firebase-3e17f723/node_modules is being purged
545 verbose gentlyRm don't care about contents; nuking /mnt/c/Users/marti/node_modules/.staging/firebase-3e17f723/node_modules
546 silly doParallel preinstall 5
547 silly preinstall prettier@2.1.1 /mnt/c/Users/marti/node_modules/.staging/prettier-a05c0a14
548 info lifecycle prettier@2.1.1~preinstall: prettier@2.1.1
549 silly preinstall bufferutil@4.0.1 /mnt/c/Users/marti/node_modules/.staging/bufferutil-4ffc2fa9
550 info lifecycle bufferutil@4.0.1~preinstall: bufferutil@4.0.1
551 silly preinstall firebase@4.8.1 /mnt/c/Users/marti/node_modules/.staging/firebase-3e17f723
552 info lifecycle firebase@4.8.1~preinstall: firebase@4.8.1
553 silly preinstall js-beautify@1.13.0 /mnt/c/Users/marti/node_modules/.staging/js-beautify-1a7ece1e
554 info lifecycle js-beautify@1.13.0~preinstall: js-beautify@1.13.0
555 silly preinstall material-components-web@7.0.0 /mnt/c/Users/marti/node_modules/.staging/material-components-web-96518042
556 info lifecycle material-components-web@7.0.0~preinstall: material-components-web@7.0.0
557 silly lifecycle prettier@2.1.1~preinstall: no script for preinstall, continuing
558 silly lifecycle bufferutil@4.0.1~preinstall: no script for preinstall, continuing
559 silly lifecycle firebase@4.8.1~preinstall: no script for preinstall, continuing
560 silly lifecycle js-beautify@1.13.0~preinstall: no script for preinstall, continuing
561 silly lifecycle material-components-web@7.0.0~preinstall: no script for preinstall, continuing
562 silly doReverseSerial remove 0
563 silly doSerial move 0
564 silly doSerial finalize 5
565 silly finalize /mnt/c/Users/marti/node_modules/prettier
566 silly finalize /mnt/c/Users/marti/node_modules/bufferutil
567 warn finalize Error: EIO: i/o error, unlink '/mnt/c/Users/marti/node_modules/.bufferutil.DELETE/prebuilds/win32-ia32/electron-napi.node'
567 warn finalize     at Error (native)
567 warn finalize  { [Error: EIO: i/o error, unlink '/mnt/c/Users/marti/node_modules/.bufferutil.DELETE/prebuilds/win32-ia32/electron-napi.node']
567 warn finalize   errno: -5,
567 warn finalize   code: 'EIO',
567 warn finalize   syscall: 'unlink',
567 warn finalize   path: '/mnt/c/Users/marti/node_modules/.bufferutil.DELETE/prebuilds/win32-ia32/electron-napi.node' }
568 silly finalize /mnt/c/Users/marti/node_modules/firebase
569 silly finalize /mnt/c/Users/marti/node_modules/js-beautify
570 silly finalize /mnt/c/Users/marti/node_modules/material-components-web
571 silly doSerial build 5
572 silly build prettier@2.1.1
573 info linkStuff prettier@2.1.1
574 silly linkStuff prettier@2.1.1 has /mnt/c/Users/marti/node_modules as its parent node_modules
575 verbose linkBins prettier@2.1.1
576 verbose link bins [ { prettier: 'bin-prettier.js' },
576 verbose link bins   '/mnt/c/Users/marti/node_modules/.bin',
576 verbose link bins   false ]
577 verbose linkMans prettier@2.1.1
578 silly gentlyRm /mnt/c/Users/marti/node_modules/.bin/prettier is being purged
579 verbose gentlyRm don't care about contents; nuking /mnt/c/Users/marti/node_modules/.bin/prettier
580 silly vacuum-fs purging /mnt/c/Users/marti/node_modules/.bin/prettier
581 silly vacuum-fs quitting because other entries in /mnt/c/Users/marti/node_modules/.bin
582 silly build bufferutil@4.0.1
583 info linkStuff bufferutil@4.0.1
584 silly linkStuff bufferutil@4.0.1 has /mnt/c/Users/marti/node_modules as its parent node_modules
585 verbose linkBins bufferutil@4.0.1
586 verbose linkMans bufferutil@4.0.1
587 silly build firebase@4.8.1
588 info linkStuff firebase@4.8.1
589 silly linkStuff firebase@4.8.1 has /mnt/c/Users/marti/node_modules as its parent node_modules
590 verbose linkBins firebase@4.8.1
591 verbose linkMans firebase@4.8.1
592 silly build js-beautify@1.13.0
593 info linkStuff js-beautify@1.13.0
594 silly linkStuff js-beautify@1.13.0 has /mnt/c/Users/marti/node_modules as its parent node_modules
595 verbose linkBins js-beautify@1.13.0
596 verbose link bins [ { 'css-beautify': 'js/bin/css-beautify.js',
596 verbose link bins     'html-beautify': 'js/bin/html-beautify.js',
596 verbose link bins     'js-beautify': 'js/bin/js-beautify.js' },
596 verbose link bins   '/mnt/c/Users/marti/node_modules/.bin',
596 verbose link bins   false ]
597 verbose linkMans js-beautify@1.13.0
598 silly gentlyRm /mnt/c/Users/marti/node_modules/.bin/js-beautify is being purged
599 verbose gentlyRm don't care about contents; nuking /mnt/c/Users/marti/node_modules/.bin/js-beautify
600 silly gentlyRm /mnt/c/Users/marti/node_modules/.bin/css-beautify is being purged
601 verbose gentlyRm don't care about contents; nuking /mnt/c/Users/marti/node_modules/.bin/css-beautify
602 silly gentlyRm /mnt/c/Users/marti/node_modules/.bin/html-beautify is being purged
603 verbose gentlyRm don't care about contents; nuking /mnt/c/Users/marti/node_modules/.bin/html-beautify
604 silly vacuum-fs purging /mnt/c/Users/marti/node_modules/.bin/js-beautify
605 silly vacuum-fs purging /mnt/c/Users/marti/node_modules/.bin/css-beautify
606 silly vacuum-fs purging /mnt/c/Users/marti/node_modules/.bin/html-beautify
607 silly vacuum-fs quitting because other entries in /mnt/c/Users/marti/node_modules/.bin
608 silly vacuum-fs quitting because other entries in /mnt/c/Users/marti/node_modules/.bin
609 silly vacuum-fs quitting because other entries in /mnt/c/Users/marti/node_modules/.bin
610 silly build material-components-web@7.0.0
611 info linkStuff material-components-web@7.0.0
612 silly linkStuff material-components-web@7.0.0 has /mnt/c/Users/marti/node_modules as its parent node_modules
613 verbose linkBins material-components-web@7.0.0
614 verbose linkMans material-components-web@7.0.0
615 silly doSerial global-link 0
616 silly doParallel update-linked 0
617 silly doSerial install 5
618 silly install prettier@2.1.1 /mnt/c/Users/marti/node_modules/.staging/prettier-a05c0a14
619 info lifecycle prettier@2.1.1~install: prettier@2.1.1
620 silly lifecycle prettier@2.1.1~install: no script for install, continuing
621 silly install bufferutil@4.0.1 /mnt/c/Users/marti/node_modules/.staging/bufferutil-4ffc2fa9
622 info lifecycle bufferutil@4.0.1~install: bufferutil@4.0.1
623 verbose lifecycle bufferutil@4.0.1~install: unsafe-perm in lifecycle true
624 verbose lifecycle bufferutil@4.0.1~install: PATH: /usr/share/npm/bin/node-gyp-bin:/mnt/c/Users/marti/node_modules/bufferutil/node_modules/.bin:/mnt/c/Users/marti/node_modules/.bin:/home/martin/bin:/home/martin/.local/bin:/usr/local/sbin:/usr/local/bin:/usr/sbin:/usr/bin:/sbin:/bin:/usr/games:/usr/local/games:/mnt/c/Program Files (x86)/Common Files/Oracle/Java/javapath:/mnt/c/ProgramData/Oracle/Java/javapath:/mnt/c/WINDOWS/system32:/mnt/c/WINDOWS:/mnt/c/WINDOWS/System32/Wbem:/mnt/c/WINDOWS/System32/WindowsPowerShell/v1.0/:/mnt/c/Program Files/PuTTY/:/mnt/c/Program Files/Git/cmd:/mnt/c/Program Files (x86)/MusicReaderPDF/rt/bin:/mnt/c/Program Files (x86)/MusicReaderPDF:/mnt/c/WINDOWS/System32/OpenSSH/:/mnt/c/Program Files/gs/gs9.27/bin:/mnt/c/Program Files/gs/gs9.27/lib:/mnt/c/Program Files (x86)/HP/Common/HPDestPlgIn/:/mnt/c/Program Files (x86)/HP/IdrsOCR_15.3.1129.0/:/mnt/c/Program Files (x86)/Google/Cloud SDK/google-cloud-sdk/bin:/mnt/c/Program Files (x86)/Common Files/Propellerhead Software/ReWire/:/mnt/c/Program Files/Common Files/Propellerhead Software/ReWire/:/mnt/c/Program Files/dotnet/:/mnt/c/Program Files/nodejs/:/mnt/c/ProgramData/chocolatey/bin:/mnt/c/Users/marti/AppData/Local/Microsoft/WindowsApps:/mnt/c/Users/marti/AppData/Local/GitHubDesktop/bin:/mnt/c/Users/marti/AppData/Local/flutter/bin:/mnt/c/Users/marti/AppData/Local/Microsoft/WindowsApps:/mnt/c/Program Files (x86)/HP/Common/HPDestPlgIn/:/mnt/c/Users/marti/AppData/Roaming/npm:/snap/bin
625 verbose lifecycle bufferutil@4.0.1~install: CWD: /mnt/c/Users/marti/node_modules/bufferutil
626 silly lifecycle bufferutil@4.0.1~install: Args: [ '-c', 'node-gyp-build' ]
627 info lifecycle bufferutil@4.0.1~install: Failed to exec install script
628 verbose unlock done using /home/martin/.npm/_locks/staging-c48a3d79ba648bae.lock for /mnt/c/Users/marti/node_modules/.staging
629 silly rollbackFailedOptional Starting
630 silly rollbackFailedOptional Finishing
631 silly runTopLevelLifecycles Starting
632 silly runTopLevelLifecycles Finishing
633 silly install printInstalled
634 warn enoent ENOENT: no such file or directory, open '/mnt/c/Users/marti/package.json'
635 warn marti No description
636 warn marti No repository field.
637 warn marti No README data
638 warn marti No license field.
639 verbose stack Error: bufferutil@4.0.1 install: `node-gyp-build`
639 verbose stack spawn ENOENT
639 verbose stack     at ChildProcess.<anonymous> (/usr/share/npm/lib/utils/spawn.js:17:16)
639 verbose stack     at emitTwo (events.js:87:13)
639 verbose stack     at ChildProcess.emit (events.js:172:7)
639 verbose stack     at maybeClose (internal/child_process.js:821:16)
639 verbose stack     at Process.ChildProcess._handle.onexit (internal/child_process.js:211:5)
640 verbose pkgid bufferutil@4.0.1
641 verbose cwd /mnt/c/Users/marti/firebase/oddchatter
642 error Linux 4.4.0-18362-Microsoft
643 error argv "/usr/bin/nodejs" "/usr/bin/npm" "install" "--save-dev" "--save-exact" "prettier"
644 error node v4.2.6
645 error npm  v3.5.2
646 error file sh
647 error code ELIFECYCLE
648 error errno ENOENT
649 error syscall spawn
650 error bufferutil@4.0.1 install: `node-gyp-build`
650 error spawn ENOENT
651 error Failed at the bufferutil@4.0.1 install script 'node-gyp-build'.
651 error Make sure you have the latest version of node.js and npm installed.
651 error If you do, this is most likely a problem with the bufferutil package,
651 error not with npm itself.
651 error Tell the author that this fails on your system:
651 error     node-gyp-build
651 error You can get information on how to open an issue for this project with:
651 error     npm bugs bufferutil
651 error Or if that isn't available, you can get their info via:
651 error     npm owner ls bufferutil
651 error There is likely additional logging output above.
652 verbose exit [ 1, true ]
